{"/home/travis/build/npmtest/node-npmtest-juice2/test.js":{"path":"/home/travis/build/npmtest/node-npmtest-juice2/test.js","s":{"1":2,"2":2,"3":2,"4":2,"5":2,"6":2,"7":2,"8":1,"9":2,"10":2,"11":1,"12":1,"13":1,"14":1,"15":2,"16":2,"17":2,"18":2,"19":1,"20":1,"21":2,"22":2,"23":2,"24":1,"25":1,"26":1,"27":1,"28":1,"29":1,"30":1,"31":1,"32":1,"33":1,"34":1,"35":1,"36":1,"37":1,"38":1,"39":2,"40":2,"41":1,"42":2,"43":2,"44":1,"45":2,"46":2,"47":1,"48":2,"49":2,"50":1,"51":1,"52":1,"53":1,"54":1},"b":{"1":[2,1,1,1],"2":[1,1,1,1],"3":[1,1],"4":[1,1],"5":[1,1],"6":[1,1],"7":[1,1],"8":[1,1],"9":[1,1],"10":[1,1,1],"11":[1,1],"12":[1,1],"13":[1,1],"14":[1,1],"15":[1,1],"16":[1,1],"17":[1,1]},"f":{"1":2,"2":2,"3":2,"4":2,"5":2,"6":1,"7":1,"8":1,"9":2,"10":2,"11":2,"12":2,"13":1},"fnMap":{"1":{"name":"(anonymous_1)","line":12,"loc":{"start":{"line":12,"column":1},"end":{"line":12,"column":13}}},"2":{"name":"(anonymous_2)","line":19,"loc":{"start":{"line":19,"column":5},"end":{"line":19,"column":17}}},"3":{"name":"(anonymous_3)","line":23,"loc":{"start":{"line":23,"column":24},"end":{"line":23,"column":36}}},"4":{"name":"(anonymous_4)","line":61,"loc":{"start":{"line":61,"column":5},"end":{"line":61,"column":17}}},"5":{"name":"(anonymous_5)","line":82,"loc":{"start":{"line":82,"column":5},"end":{"line":82,"column":17}}},"6":{"name":"(anonymous_6)","line":91,"loc":{"start":{"line":91,"column":77},"end":{"line":94,"column":10}}},"7":{"name":"(anonymous_7)","line":112,"loc":{"start":{"line":112,"column":83},"end":{"line":115,"column":10}},"skip":true},"8":{"name":"(anonymous_8)","line":123,"loc":{"start":{"line":123,"column":77},"end":{"line":126,"column":10}},"skip":true},"9":{"name":"(anonymous_9)","line":139,"loc":{"start":{"line":139,"column":12},"end":{"line":139,"column":40}},"skip":true},"10":{"name":"(anonymous_10)","line":147,"loc":{"start":{"line":147,"column":77},"end":{"line":150,"column":10}},"skip":true},"11":{"name":"(anonymous_11)","line":158,"loc":{"start":{"line":158,"column":83},"end":{"line":161,"column":10}},"skip":true},"12":{"name":"(anonymous_12)","line":169,"loc":{"start":{"line":169,"column":79},"end":{"line":172,"column":10}},"skip":true},"13":{"name":"(anonymous_13)","line":180,"loc":{"start":{"line":180,"column":75},"end":{"line":183,"column":10}},"skip":true}},"statementMap":{"1":{"start":{"line":12,"column":0},"end":{"line":195,"column":5}},"2":{"start":{"line":14,"column":4},"end":{"line":14,"column":14}},"3":{"start":{"line":19,"column":4},"end":{"line":56,"column":9}},"4":{"start":{"line":21,"column":8},"end":{"line":21,"column":19}},"5":{"start":{"line":23,"column":8},"end":{"line":35,"column":13}},"6":{"start":{"line":24,"column":12},"end":{"line":34,"column":13}},"7":{"start":{"line":25,"column":16},"end":{"line":28,"column":30}},"8":{"start":{"line":30,"column":16},"end":{"line":33,"column":27}},"9":{"start":{"line":37,"column":8},"end":{"line":39,"column":21}},"10":{"start":{"line":40,"column":8},"end":{"line":53,"column":9}},"11":{"start":{"line":43,"column":12},"end":{"line":46,"column":14}},"12":{"start":{"line":47,"column":12},"end":{"line":47,"column":18}},"13":{"start":{"line":50,"column":12},"end":{"line":51,"column":33}},"14":{"start":{"line":52,"column":12},"end":{"line":52,"column":18}},"15":{"start":{"line":55,"column":8},"end":{"line":55,"column":35}},"16":{"start":{"line":61,"column":4},"end":{"line":63,"column":9}},"17":{"start":{"line":62,"column":8},"end":{"line":62,"column":15}},"18":{"start":{"line":64,"column":4},"end":{"line":77,"column":5}},"19":{"start":{"line":70,"column":8},"end":{"line":70,"column":14}},"20":{"start":{"line":76,"column":8},"end":{"line":76,"column":14}},"21":{"start":{"line":82,"column":4},"end":{"line":84,"column":9}},"22":{"start":{"line":83,"column":8},"end":{"line":83,"column":15}},"23":{"start":{"line":85,"column":4},"end":{"line":194,"column":5}},"24":{"start":{"line":91,"column":8},"end":{"line":99,"column":10}},"25":{"start":{"line":98,"column":12},"end":{"line":98,"column":35}},"26":{"start":{"line":102,"column":8},"end":{"line":104,"column":63}},"27":{"start":{"line":105,"column":8},"end":{"line":105,"column":14}},"28":{"start":{"line":112,"column":8},"end":{"line":121,"column":10},"skip":true},"29":{"start":{"line":119,"column":12},"end":{"line":119,"column":55},"skip":true},"30":{"start":{"line":120,"column":12},"end":{"line":120,"column":48},"skip":true},"31":{"start":{"line":123,"column":8},"end":{"line":136,"column":10},"skip":true},"32":{"start":{"line":130,"column":12},"end":{"line":130,"column":76},"skip":true},"33":{"start":{"line":131,"column":12},"end":{"line":131,"column":73},"skip":true},"34":{"start":{"line":132,"column":12},"end":{"line":132,"column":74},"skip":true},"35":{"start":{"line":133,"column":12},"end":{"line":133,"column":79},"skip":true},"36":{"start":{"line":134,"column":12},"end":{"line":134,"column":25},"skip":true},"37":{"start":{"line":135,"column":12},"end":{"line":135,"column":45},"skip":true},"38":{"start":{"line":138,"column":8},"end":{"line":145,"column":14},"skip":true},"39":{"start":{"line":143,"column":16},"end":{"line":143,"column":29},"skip":true},"40":{"start":{"line":144,"column":16},"end":{"line":144,"column":55},"skip":true},"41":{"start":{"line":147,"column":8},"end":{"line":156,"column":10},"skip":true},"42":{"start":{"line":154,"column":12},"end":{"line":154,"column":25},"skip":true},"43":{"start":{"line":155,"column":12},"end":{"line":155,"column":45},"skip":true},"44":{"start":{"line":158,"column":8},"end":{"line":167,"column":10},"skip":true},"45":{"start":{"line":165,"column":12},"end":{"line":165,"column":25},"skip":true},"46":{"start":{"line":166,"column":12},"end":{"line":166,"column":48},"skip":true},"47":{"start":{"line":169,"column":8},"end":{"line":178,"column":10},"skip":true},"48":{"start":{"line":176,"column":12},"end":{"line":176,"column":25},"skip":true},"49":{"start":{"line":177,"column":12},"end":{"line":177,"column":46},"skip":true},"50":{"start":{"line":180,"column":8},"end":{"line":189,"column":10},"skip":true},"51":{"start":{"line":187,"column":12},"end":{"line":187,"column":94},"skip":true},"52":{"start":{"line":188,"column":12},"end":{"line":188,"column":48},"skip":true},"53":{"start":{"line":192,"column":8},"end":{"line":192,"column":35},"skip":true},"54":{"start":{"line":193,"column":8},"end":{"line":193,"column":14},"skip":true}},"branchMap":{"1":{"line":25,"type":"binary-expr","locations":[{"start":{"line":25,"column":23},"end":{"line":25,"column":62}},{"start":{"line":26,"column":20},"end":{"line":26,"column":70}},{"start":{"line":27,"column":20},"end":{"line":27,"column":71}},{"start":{"line":28,"column":20},"end":{"line":28,"column":29}}]},"2":{"line":30,"type":"binary-expr","locations":[{"start":{"line":30,"column":23},"end":{"line":30,"column":37}},{"start":{"line":31,"column":20},"end":{"line":31,"column":61}},{"start":{"line":32,"column":20},"end":{"line":32,"column":70}},{"start":{"line":33,"column":20},"end":{"line":33,"column":26}}]},"3":{"line":37,"type":"cond-expr","locations":[{"start":{"line":38,"column":14},"end":{"line":38,"column":20}},{"start":{"line":39,"column":14},"end":{"line":39,"column":20}}]},"4":{"line":40,"type":"switch","locations":[{"start":{"line":42,"column":8},"end":{"line":47,"column":18}},{"start":{"line":49,"column":8},"end":{"line":52,"column":18}}]},"5":{"line":44,"type":"binary-expr","locations":[{"start":{"line":44,"column":16},"end":{"line":44,"column":44}},{"start":{"line":44,"column":48},"end":{"line":44,"column":66}}]},"6":{"line":50,"type":"binary-expr","locations":[{"start":{"line":50,"column":21},"end":{"line":50,"column":49}},{"start":{"line":50,"column":53},"end":{"line":50,"column":72}}]},"7":{"line":64,"type":"switch","locations":[{"start":{"line":69,"column":4},"end":{"line":70,"column":14}},{"start":{"line":75,"column":4},"end":{"line":76,"column":14}}]},"8":{"line":85,"type":"switch","locations":[{"start":{"line":90,"column":4},"end":{"line":105,"column":14}},{"start":{"line":111,"column":4},"end":{"line":193,"column":14},"skip":true}]},"9":{"line":91,"type":"binary-expr","locations":[{"start":{"line":91,"column":42},"end":{"line":91,"column":73}},{"start":{"line":91,"column":77},"end":{"line":99,"column":9}}]},"10":{"line":102,"type":"binary-expr","locations":[{"start":{"line":102,"column":18},"end":{"line":102,"column":32}},{"start":{"line":103,"column":12},"end":{"line":103,"column":53}},{"start":{"line":104,"column":12},"end":{"line":104,"column":61}}]},"11":{"line":112,"type":"binary-expr","locations":[{"start":{"line":112,"column":45},"end":{"line":112,"column":79},"skip":true},{"start":{"line":112,"column":83},"end":{"line":121,"column":9},"skip":true}]},"12":{"line":123,"type":"binary-expr","locations":[{"start":{"line":123,"column":42},"end":{"line":123,"column":73},"skip":true},{"start":{"line":123,"column":77},"end":{"line":136,"column":9},"skip":true}]},"13":{"line":138,"type":"binary-expr","locations":[{"start":{"line":138,"column":48},"end":{"line":138,"column":85},"skip":true},{"start":{"line":139,"column":12},"end":{"line":145,"column":13},"skip":true}]},"14":{"line":147,"type":"binary-expr","locations":[{"start":{"line":147,"column":42},"end":{"line":147,"column":73},"skip":true},{"start":{"line":147,"column":77},"end":{"line":156,"column":9},"skip":true}]},"15":{"line":158,"type":"binary-expr","locations":[{"start":{"line":158,"column":45},"end":{"line":158,"column":79},"skip":true},{"start":{"line":158,"column":83},"end":{"line":167,"column":9},"skip":true}]},"16":{"line":169,"type":"binary-expr","locations":[{"start":{"line":169,"column":43},"end":{"line":169,"column":75},"skip":true},{"start":{"line":169,"column":79},"end":{"line":178,"column":9},"skip":true}]},"17":{"line":180,"type":"binary-expr","locations":[{"start":{"line":180,"column":41},"end":{"line":180,"column":71},"skip":true},{"start":{"line":180,"column":75},"end":{"line":189,"column":9},"skip":true}]}},"code":["/* istanbul instrument in package npmtest_juice2 */","/*jslint","    bitwise: true,","    browser: true,","    maxerr: 8,","    maxlen: 96,","    node: true,","    nomen: true,","    regexp: true,","    stupid: true","*/","(function () {","    'use strict';","    var local;","","","","    // run shared js-env code - pre-init","    (function () {","        // init local","        local = {};","        // init modeJs","        local.modeJs = (function () {","            try {","                return typeof navigator.userAgent === 'string' &&","                    typeof document.querySelector('body') === 'object' &&","                    typeof XMLHttpRequest.prototype.open === 'function' &&","                    'browser';","            } catch (errorCaughtBrowser) {","                return module.exports &&","                    typeof process.versions.node === 'string' &&","                    typeof require('http').createServer === 'function' &&","                    'node';","            }","        }());","        // init global","        local.global = local.modeJs === 'browser'","            ? window","            : global;","        switch (local.modeJs) {","        // re-init local from window.local","        case 'browser':","            local = local.global.utility2.objectSetDefault(","                local.global.utility2_rollup || local.global.local,","                local.global.utility2","            );","            break;","        // re-init local from example.js","        case 'node':","            local = (local.global.utility2_rollup || require('utility2'))","                .requireReadme();","            break;","        }","        // export local","        local.global.local = local;","    }());","","","","    // run shared js-env code - function","    (function () {","        return;","    }());","    switch (local.modeJs) {","","","","    // run browser js-env code - function","    case 'browser':","        break;","","","","    // run node js-env code - function","    case 'node':","        break;","    }","","","","    // run shared js-env code - post-init","    (function () {","        return;","    }());","    switch (local.modeJs) {","","","","    // run browser js-env code - post-init","    case 'browser':","        local.testCase_browser_nullCase = local.testCase_browser_nullCase || function (","            options,","            onError","        ) {","        /*","         * this function will test browsers's null-case handling-behavior-behavior","         */","            onError(null, options);","        };","","        // run tests","        local.nop(local.modeTest &&","            document.querySelector('#testRunButton1') &&","            document.querySelector('#testRunButton1').click());","        break;","","","","    // run node js-env code - post-init","    /* istanbul ignore next */","    case 'node':","        local.testCase_buildApidoc_default = local.testCase_buildApidoc_default || function (","            options,","            onError","        ) {","        /*","         * this function will test buildApidoc's default handling-behavior-behavior","         */","            options = { modulePathList: module.paths };","            local.buildApidoc(options, onError);","        };","","        local.testCase_buildApp_default = local.testCase_buildApp_default || function (","            options,","            onError","        ) {","        /*","         * this function will test buildApp's default handling-behavior-behavior","         */","            local.testCase_buildReadme_default(options, local.onErrorThrow);","            local.testCase_buildLib_default(options, local.onErrorThrow);","            local.testCase_buildTest_default(options, local.onErrorThrow);","            local.testCase_buildCustomOrg_default(options, local.onErrorThrow);","            options = [];","            local.buildApp(options, onError);","        };","","        local.testCase_buildCustomOrg_default = local.testCase_buildCustomOrg_default ||","            function (options, onError) {","            /*","             * this function will test buildCustomOrg's default handling-behavior","             */","                options = {};","                local.buildCustomOrg(options, onError);","            };","","        local.testCase_buildLib_default = local.testCase_buildLib_default || function (","            options,","            onError","        ) {","        /*","         * this function will test buildLib's default handling-behavior","         */","            options = {};","            local.buildLib(options, onError);","        };","","        local.testCase_buildReadme_default = local.testCase_buildReadme_default || function (","            options,","            onError","        ) {","        /*","         * this function will test buildReadme's default handling-behavior-behavior","         */","            options = {};","            local.buildReadme(options, onError);","        };","","        local.testCase_buildTest_default = local.testCase_buildTest_default || function (","            options,","            onError","        ) {","        /*","         * this function will test buildTest's default handling-behavior","         */","            options = {};","            local.buildTest(options, onError);","        };","","        local.testCase_webpage_default = local.testCase_webpage_default || function (","            options,","            onError","        ) {","        /*","         * this function will test webpage's default handling-behavior","         */","            options = { modeCoverageMerge: true, url: local.serverLocalHost + '?modeTest=1' };","            local.browserTest(options, onError);","        };","","        // run test-server","        local.testRunServer(local);","        break;","    }","}());",""],"l":{"12":2,"14":2,"19":2,"21":2,"23":2,"24":2,"25":2,"30":1,"37":2,"40":2,"43":1,"47":1,"50":1,"52":1,"55":2,"61":2,"62":2,"64":2,"70":1,"76":1,"82":2,"83":2,"85":2,"91":1,"98":1,"102":1,"105":1,"112":1,"119":1,"120":1,"123":1,"130":1,"131":1,"132":1,"133":1,"134":1,"135":1,"138":1,"143":2,"144":2,"147":1,"154":2,"155":2,"158":1,"165":2,"166":2,"169":1,"176":2,"177":2,"180":1,"187":1,"188":1,"192":1,"193":1}},"/home/travis/build/npmtest/node-npmtest-juice2/lib.npmtest_juice2.js":{"path":"/home/travis/build/npmtest/node-npmtest-juice2/lib.npmtest_juice2.js","s":{"1":2,"2":2,"3":2,"4":2,"5":2,"6":2,"7":2,"8":1,"9":2,"10":2,"11":2,"12":2,"13":1,"14":1,"15":1,"16":1},"b":{"1":[2,1,1,1],"2":[1,1,1,1],"3":[1,1],"4":[2,2],"5":[1,1]},"f":{"1":2,"2":2,"3":2},"fnMap":{"1":{"name":"(anonymous_1)","line":12,"loc":{"start":{"line":12,"column":1},"end":{"line":12,"column":13}}},"2":{"name":"(anonymous_2)","line":19,"loc":{"start":{"line":19,"column":5},"end":{"line":19,"column":17}}},"3":{"name":"(anonymous_3)","line":23,"loc":{"start":{"line":23,"column":24},"end":{"line":23,"column":36}}}},"statementMap":{"1":{"start":{"line":12,"column":0},"end":{"line":53,"column":5}},"2":{"start":{"line":14,"column":4},"end":{"line":14,"column":14}},"3":{"start":{"line":19,"column":4},"end":{"line":52,"column":9}},"4":{"start":{"line":21,"column":8},"end":{"line":21,"column":19}},"5":{"start":{"line":23,"column":8},"end":{"line":35,"column":13}},"6":{"start":{"line":24,"column":12},"end":{"line":34,"column":13}},"7":{"start":{"line":25,"column":16},"end":{"line":28,"column":30}},"8":{"start":{"line":30,"column":16},"end":{"line":33,"column":27}},"9":{"start":{"line":37,"column":8},"end":{"line":39,"column":21}},"10":{"start":{"line":41,"column":8},"end":{"line":41,"column":54}},"11":{"start":{"line":43,"column":8},"end":{"line":43,"column":51}},"12":{"start":{"line":45,"column":8},"end":{"line":51,"column":9}},"13":{"start":{"line":46,"column":12},"end":{"line":46,"column":57}},"14":{"start":{"line":48,"column":12},"end":{"line":48,"column":35}},"15":{"start":{"line":49,"column":12},"end":{"line":49,"column":49}},"16":{"start":{"line":50,"column":12},"end":{"line":50,"column":43}}},"branchMap":{"1":{"line":25,"type":"binary-expr","locations":[{"start":{"line":25,"column":23},"end":{"line":25,"column":62}},{"start":{"line":26,"column":20},"end":{"line":26,"column":70}},{"start":{"line":27,"column":20},"end":{"line":27,"column":71}},{"start":{"line":28,"column":20},"end":{"line":28,"column":29}}]},"2":{"line":30,"type":"binary-expr","locations":[{"start":{"line":30,"column":23},"end":{"line":30,"column":37}},{"start":{"line":31,"column":20},"end":{"line":31,"column":61}},{"start":{"line":32,"column":20},"end":{"line":32,"column":70}},{"start":{"line":33,"column":20},"end":{"line":33,"column":26}}]},"3":{"line":37,"type":"cond-expr","locations":[{"start":{"line":38,"column":14},"end":{"line":38,"column":20}},{"start":{"line":39,"column":14},"end":{"line":39,"column":20}}]},"4":{"line":41,"type":"binary-expr","locations":[{"start":{"line":41,"column":16},"end":{"line":41,"column":44}},{"start":{"line":41,"column":48},"end":{"line":41,"column":53}}]},"5":{"line":45,"type":"if","locations":[{"start":{"line":45,"column":8},"end":{"line":45,"column":8}},{"start":{"line":45,"column":8},"end":{"line":45,"column":8}}]}},"code":["/* istanbul instrument in package npmtest_juice2 */","/*jslint","    bitwise: true,","    browser: true,","    maxerr: 8,","    maxlen: 96,","    node: true,","    nomen: true,","    regexp: true,","    stupid: true","*/","(function () {","    'use strict';","    var local;","","","","    // run shared js-env code - pre-init","    (function () {","        // init local","        local = {};","        // init modeJs","        local.modeJs = (function () {","            try {","                return typeof navigator.userAgent === 'string' &&","                    typeof document.querySelector('body') === 'object' &&","                    typeof XMLHttpRequest.prototype.open === 'function' &&","                    'browser';","            } catch (errorCaughtBrowser) {","                return module.exports &&","                    typeof process.versions.node === 'string' &&","                    typeof require('http').createServer === 'function' &&","                    'node';","            }","        }());","        // init global","        local.global = local.modeJs === 'browser'","            ? window","            : global;","        // init utility2_rollup","        local = local.global.utility2_rollup || local;","        // init lib","        local.local = local.npmtest_juice2 = local;","        // init exports","        if (local.modeJs === 'browser') {","            local.global.utility2_npmtest_juice2 = local;","        } else {","            module.exports = local;","            module.exports.__dirname = __dirname;","            module.exports.module = module;","        }","    }());","}());",""],"l":{"12":2,"14":2,"19":2,"21":2,"23":2,"24":2,"25":2,"30":1,"37":2,"41":2,"43":2,"45":2,"46":1,"48":1,"49":1,"50":1}},"/home/travis/build/npmtest/node-npmtest-juice2/example.js":{"path":"/home/travis/build/npmtest/node-npmtest-juice2/example.js","s":{"1":2,"2":2,"3":2,"4":2,"5":2,"6":2,"7":2,"8":1,"9":2,"10":2,"11":2,"12":2,"13":1,"14":2,"15":2,"16":2,"17":2,"18":2,"19":0,"20":2,"21":1,"22":1,"23":1,"24":1,"25":1,"26":0,"27":0,"28":1,"29":1,"30":2,"31":0,"32":0,"33":0,"34":1,"35":2,"36":2,"37":3,"38":3,"39":3,"40":3,"41":0,"42":3,"43":3,"44":3,"45":1,"46":3,"47":1,"48":1,"49":1,"50":1,"51":1,"52":1,"53":1,"54":1,"55":1,"56":1,"57":0,"58":1,"59":6,"60":6,"61":1,"62":2,"63":0,"64":2,"65":1,"66":1,"67":0,"68":0,"69":0,"70":0,"71":0,"72":0,"73":0,"74":0,"75":0,"76":0,"77":0,"78":0,"79":0,"80":0,"81":0,"82":0,"83":0},"b":{"1":[2,1,1,1],"2":[1,1,1,1],"3":[1,1],"4":[2,2],"5":[1,1],"6":[1,1],"7":[2,0],"8":[2,1,1,1,1,1],"9":[0,2,0],"10":[1,1],"11":[2,1,1],"12":[1,0],"13":[0,2],"14":[2,0,0,0,0,0,0],"15":[0,3],"16":[3,0],"17":[1,1],"18":[0,1],"19":[1,2,0,2],"20":[1,0],"21":[1,1],"22":[0,0],"23":[0,0],"24":[0,0],"25":[0,0],"26":[0,0],"27":[0,0],"28":[0,0]},"f":{"1":2,"2":2,"3":2,"4":2,"5":2,"6":2,"7":3,"8":3,"9":3,"10":1,"11":6,"12":0},"fnMap":{"1":{"name":"(anonymous_1)","line":26,"loc":{"start":{"line":26,"column":1},"end":{"line":26,"column":13}}},"2":{"name":"(anonymous_2)","line":33,"loc":{"start":{"line":33,"column":5},"end":{"line":33,"column":17}}},"3":{"name":"(anonymous_3)","line":37,"loc":{"start":{"line":37,"column":24},"end":{"line":37,"column":36}}},"4":{"name":"(anonymous_4)","line":69,"loc":{"start":{"line":69,"column":31},"end":{"line":69,"column":48}},"skip":true},"5":{"name":"(anonymous_5)","line":78,"loc":{"start":{"line":78,"column":26},"end":{"line":78,"column":45}},"skip":true},"6":{"name":"(anonymous_6)","line":123,"loc":{"start":{"line":123,"column":33},"end":{"line":123,"column":48}},"skip":true},"7":{"name":"(anonymous_7)","line":125,"loc":{"start":{"line":125,"column":27},"end":{"line":125,"column":39}},"skip":true},"8":{"name":"(anonymous_8)","line":133,"loc":{"start":{"line":133,"column":59},"end":{"line":133,"column":74}},"skip":true},"9":{"name":"(anonymous_9)","line":143,"loc":{"start":{"line":143,"column":45},"end":{"line":143,"column":62}},"skip":true},"10":{"name":"(anonymous_10)","line":144,"loc":{"start":{"line":144,"column":73},"end":{"line":144,"column":92}},"skip":true},"11":{"name":"(anonymous_11)","line":272,"loc":{"start":{"line":272,"column":51},"end":{"line":272,"column":77}},"skip":true},"12":{"name":"(anonymous_12)","line":315,"loc":{"start":{"line":315,"column":32},"end":{"line":315,"column":61}},"skip":true}},"statementMap":{"1":{"start":{"line":26,"column":0},"end":{"line":326,"column":5}},"2":{"start":{"line":28,"column":4},"end":{"line":28,"column":14}},"3":{"start":{"line":33,"column":4},"end":{"line":60,"column":9}},"4":{"start":{"line":35,"column":8},"end":{"line":35,"column":19}},"5":{"start":{"line":37,"column":8},"end":{"line":49,"column":13}},"6":{"start":{"line":38,"column":12},"end":{"line":48,"column":13}},"7":{"start":{"line":39,"column":16},"end":{"line":42,"column":30}},"8":{"start":{"line":44,"column":16},"end":{"line":47,"column":27}},"9":{"start":{"line":51,"column":8},"end":{"line":53,"column":21}},"10":{"start":{"line":55,"column":8},"end":{"line":57,"column":45}},"11":{"start":{"line":59,"column":8},"end":{"line":59,"column":35}},"12":{"start":{"line":61,"column":4},"end":{"line":325,"column":5}},"13":{"start":{"line":69,"column":8},"end":{"line":121,"column":10},"skip":true},"14":{"start":{"line":70,"column":12},"end":{"line":88,"column":13},"skip":true},"15":{"start":{"line":76,"column":16},"end":{"line":87,"column":19},"skip":true},"16":{"start":{"line":79,"column":20},"end":{"line":86,"column":21},"skip":true},"17":{"start":{"line":82,"column":24},"end":{"line":82,"column":43},"skip":true},"18":{"start":{"line":83,"column":24},"end":{"line":83,"column":30},"skip":true},"19":{"start":{"line":85,"column":24},"end":{"line":85,"column":49},"skip":true},"20":{"start":{"line":89,"column":12},"end":{"line":107,"column":13},"skip":true},"21":{"start":{"line":92,"column":16},"end":{"line":102,"column":17},"skip":true},"22":{"start":{"line":93,"column":20},"end":{"line":93,"column":86},"skip":true},"23":{"start":{"line":94,"column":20},"end":{"line":95,"column":45},"skip":true},"24":{"start":{"line":96,"column":20},"end":{"line":96,"column":42},"skip":true},"25":{"start":{"line":97,"column":20},"end":{"line":97,"column":48},"skip":true},"26":{"start":{"line":100,"column":20},"end":{"line":100,"column":85},"skip":true},"27":{"start":{"line":101,"column":20},"end":{"line":101,"column":96},"skip":true},"28":{"start":{"line":103,"column":16},"end":{"line":103,"column":22},"skip":true},"29":{"start":{"line":106,"column":16},"end":{"line":106,"column":22},"skip":true},"30":{"start":{"line":108,"column":12},"end":{"line":120,"column":13},"skip":true},"31":{"start":{"line":114,"column":16},"end":{"line":119,"column":17},"skip":true},"32":{"start":{"line":116,"column":20},"end":{"line":116,"column":78},"skip":true},"33":{"start":{"line":118,"column":20},"end":{"line":118,"column":47},"skip":true},"34":{"start":{"line":123,"column":8},"end":{"line":141,"column":11},"skip":true},"35":{"start":{"line":124,"column":12},"end":{"line":124,"column":54},"skip":true},"36":{"start":{"line":125,"column":12},"end":{"line":140,"column":14},"skip":true},"37":{"start":{"line":126,"column":16},"end":{"line":126,"column":28},"skip":true},"38":{"start":{"line":127,"column":16},"end":{"line":127,"column":69},"skip":true},"39":{"start":{"line":128,"column":16},"end":{"line":128,"column":75},"skip":true},"40":{"start":{"line":129,"column":16},"end":{"line":131,"column":17},"skip":true},"41":{"start":{"line":130,"column":20},"end":{"line":130,"column":27},"skip":true},"42":{"start":{"line":133,"column":16},"end":{"line":137,"column":36},"skip":true},"43":{"start":{"line":134,"column":20},"end":{"line":136,"column":55},"skip":true},"44":{"start":{"line":139,"column":16},"end":{"line":139,"column":57},"skip":true},"45":{"start":{"line":143,"column":8},"end":{"line":147,"column":11},"skip":true},"46":{"start":{"line":144,"column":12},"end":{"line":146,"column":15},"skip":true},"47":{"start":{"line":145,"column":16},"end":{"line":145,"column":70},"skip":true},"48":{"start":{"line":149,"column":8},"end":{"line":149,"column":31},"skip":true},"49":{"start":{"line":150,"column":8},"end":{"line":150,"column":14},"skip":true},"50":{"start":{"line":158,"column":8},"end":{"line":158,"column":31},"skip":true},"51":{"start":{"line":160,"column":8},"end":{"line":160,"column":33},"skip":true},"52":{"start":{"line":161,"column":8},"end":{"line":161,"column":37},"skip":true},"53":{"start":{"line":162,"column":8},"end":{"line":162,"column":35},"skip":true},"54":{"start":{"line":164,"column":8},"end":{"line":164,"column":50},"skip":true},"55":{"start":{"line":166,"column":8},"end":{"line":256,"column":2},"skip":true},"56":{"start":{"line":258,"column":8},"end":{"line":286,"column":9},"skip":true},"57":{"start":{"line":259,"column":12},"end":{"line":269,"column":14},"skip":true},"58":{"start":{"line":271,"column":12},"end":{"line":285,"column":19},"skip":true},"59":{"start":{"line":274,"column":20},"end":{"line":274,"column":35},"skip":true},"60":{"start":{"line":275,"column":20},"end":{"line":284,"column":21},"skip":true},"61":{"start":{"line":277,"column":24},"end":{"line":277,"column":64},"skip":true},"62":{"start":{"line":279,"column":24},"end":{"line":279,"column":40},"skip":true},"63":{"start":{"line":281,"column":24},"end":{"line":281,"column":40},"skip":true},"64":{"start":{"line":283,"column":24},"end":{"line":283,"column":39},"skip":true},"65":{"start":{"line":288,"column":8},"end":{"line":290,"column":9},"skip":true},"66":{"start":{"line":289,"column":12},"end":{"line":289,"column":18},"skip":true},"67":{"start":{"line":291,"column":8},"end":{"line":293,"column":54},"skip":true},"68":{"start":{"line":296,"column":8},"end":{"line":301,"column":37},"skip":true},"69":{"start":{"line":303,"column":8},"end":{"line":303,"column":82},"skip":true},"70":{"start":{"line":306,"column":8},"end":{"line":308,"column":9},"skip":true},"71":{"start":{"line":307,"column":12},"end":{"line":307,"column":82},"skip":true},"72":{"start":{"line":310,"column":8},"end":{"line":312,"column":9},"skip":true},"73":{"start":{"line":311,"column":12},"end":{"line":311,"column":18},"skip":true},"74":{"start":{"line":313,"column":8},"end":{"line":313,"column":54},"skip":true},"75":{"start":{"line":314,"column":8},"end":{"line":314,"column":69},"skip":true},"76":{"start":{"line":315,"column":8},"end":{"line":323,"column":36},"skip":true},"77":{"start":{"line":316,"column":12},"end":{"line":316,"column":61},"skip":true},"78":{"start":{"line":317,"column":12},"end":{"line":320,"column":13},"skip":true},"79":{"start":{"line":318,"column":16},"end":{"line":318,"column":75},"skip":true},"80":{"start":{"line":319,"column":16},"end":{"line":319,"column":23},"skip":true},"81":{"start":{"line":321,"column":12},"end":{"line":321,"column":38},"skip":true},"82":{"start":{"line":322,"column":12},"end":{"line":322,"column":27},"skip":true},"83":{"start":{"line":324,"column":8},"end":{"line":324,"column":14},"skip":true}},"branchMap":{"1":{"line":39,"type":"binary-expr","locations":[{"start":{"line":39,"column":23},"end":{"line":39,"column":62}},{"start":{"line":40,"column":20},"end":{"line":40,"column":70}},{"start":{"line":41,"column":20},"end":{"line":41,"column":71}},{"start":{"line":42,"column":20},"end":{"line":42,"column":29}}]},"2":{"line":44,"type":"binary-expr","locations":[{"start":{"line":44,"column":23},"end":{"line":44,"column":37}},{"start":{"line":45,"column":20},"end":{"line":45,"column":61}},{"start":{"line":46,"column":20},"end":{"line":46,"column":70}},{"start":{"line":47,"column":20},"end":{"line":47,"column":26}}]},"3":{"line":51,"type":"cond-expr","locations":[{"start":{"line":52,"column":14},"end":{"line":52,"column":20}},{"start":{"line":53,"column":14},"end":{"line":53,"column":20}}]},"4":{"line":55,"type":"binary-expr","locations":[{"start":{"line":55,"column":16},"end":{"line":55,"column":44}},{"start":{"line":55,"column":49},"end":{"line":57,"column":43}}]},"5":{"line":55,"type":"cond-expr","locations":[{"start":{"line":56,"column":14},"end":{"line":56,"column":50}},{"start":{"line":57,"column":14},"end":{"line":57,"column":43}}]},"6":{"line":61,"type":"switch","locations":[{"start":{"line":68,"column":4},"end":{"line":150,"column":14},"skip":true},{"start":{"line":156,"column":4},"end":{"line":324,"column":14},"skip":true}]},"7":{"line":70,"type":"if","locations":[{"start":{"line":70,"column":12},"end":{"line":70,"column":12},"skip":true},{"start":{"line":70,"column":12},"end":{"line":70,"column":12},"skip":true}]},"8":{"line":70,"type":"binary-expr","locations":[{"start":{"line":70,"column":16},"end":{"line":70,"column":22},"skip":true},{"start":{"line":70,"column":27},"end":{"line":70,"column":32},"skip":true},{"start":{"line":71,"column":20},"end":{"line":71,"column":39},"skip":true},{"start":{"line":72,"column":20},"end":{"line":72,"column":49},"skip":true},{"start":{"line":73,"column":20},"end":{"line":73,"column":58},"skip":true},{"start":{"line":74,"column":20},"end":{"line":74,"column":69},"skip":true}]},"9":{"line":79,"type":"switch","locations":[{"start":{"line":80,"column":20},"end":{"line":80,"column":33},"skip":true},{"start":{"line":81,"column":20},"end":{"line":83,"column":30},"skip":true},{"start":{"line":84,"column":20},"end":{"line":85,"column":49},"skip":true}]},"10":{"line":89,"type":"switch","locations":[{"start":{"line":90,"column":12},"end":{"line":103,"column":22},"skip":true},{"start":{"line":105,"column":12},"end":{"line":106,"column":22},"skip":true}]},"11":{"line":89,"type":"binary-expr","locations":[{"start":{"line":89,"column":20},"end":{"line":89,"column":25},"skip":true},{"start":{"line":89,"column":29},"end":{"line":89,"column":48},"skip":true},{"start":{"line":89,"column":52},"end":{"line":89,"column":74},"skip":true}]},"12":{"line":92,"type":"if","locations":[{"start":{"line":92,"column":16},"end":{"line":92,"column":16},"skip":true},{"start":{"line":92,"column":16},"end":{"line":92,"column":16},"skip":true}]},"13":{"line":108,"type":"if","locations":[{"start":{"line":108,"column":12},"end":{"line":108,"column":12},"skip":true},{"start":{"line":108,"column":12},"end":{"line":108,"column":12},"skip":true}]},"14":{"line":108,"type":"binary-expr","locations":[{"start":{"line":108,"column":16},"end":{"line":108,"column":61},"skip":true},{"start":{"line":108,"column":66},"end":{"line":108,"column":72},"skip":true},{"start":{"line":108,"column":77},"end":{"line":108,"column":82},"skip":true},{"start":{"line":109,"column":20},"end":{"line":109,"column":39},"skip":true},{"start":{"line":110,"column":20},"end":{"line":110,"column":49},"skip":true},{"start":{"line":111,"column":20},"end":{"line":111,"column":58},"skip":true},{"start":{"line":112,"column":20},"end":{"line":112,"column":68},"skip":true}]},"15":{"line":129,"type":"if","locations":[{"start":{"line":129,"column":16},"end":{"line":129,"column":16},"skip":true},{"start":{"line":129,"column":16},"end":{"line":129,"column":16},"skip":true}]},"16":{"line":134,"type":"cond-expr","locations":[{"start":{"line":135,"column":26},"end":{"line":135,"column":29},"skip":true},{"start":{"line":136,"column":26},"end":{"line":136,"column":54},"skip":true}]},"17":{"line":164,"type":"binary-expr","locations":[{"start":{"line":164,"column":27},"end":{"line":164,"column":43},"skip":true},{"start":{"line":164,"column":47},"end":{"line":164,"column":49},"skip":true}]},"18":{"line":258,"type":"if","locations":[{"start":{"line":258,"column":8},"end":{"line":258,"column":8},"skip":true},{"start":{"line":258,"column":8},"end":{"line":258,"column":8},"skip":true}]},"19":{"line":275,"type":"switch","locations":[{"start":{"line":276,"column":20},"end":{"line":277,"column":64},"skip":true},{"start":{"line":278,"column":20},"end":{"line":279,"column":40},"skip":true},{"start":{"line":280,"column":20},"end":{"line":281,"column":40},"skip":true},{"start":{"line":282,"column":20},"end":{"line":283,"column":39},"skip":true}]},"20":{"line":288,"type":"if","locations":[{"start":{"line":288,"column":8},"end":{"line":288,"column":8},"skip":true},{"start":{"line":288,"column":8},"end":{"line":288,"column":8},"skip":true}]},"21":{"line":288,"type":"binary-expr","locations":[{"start":{"line":288,"column":12},"end":{"line":288,"column":40},"skip":true},{"start":{"line":288,"column":44},"end":{"line":288,"column":67},"skip":true}]},"22":{"line":292,"type":"binary-expr","locations":[{"start":{"line":292,"column":12},"end":{"line":292,"column":50},"skip":true},{"start":{"line":293,"column":12},"end":{"line":293,"column":53},"skip":true}]},"23":{"line":297,"type":"binary-expr","locations":[{"start":{"line":297,"column":12},"end":{"line":297,"column":64},"skip":true},{"start":{"line":298,"column":12},"end":{"line":301,"column":36},"skip":true}]},"24":{"line":303,"type":"binary-expr","locations":[{"start":{"line":303,"column":43},"end":{"line":303,"column":75},"skip":true},{"start":{"line":303,"column":79},"end":{"line":303,"column":81},"skip":true}]},"25":{"line":306,"type":"if","locations":[{"start":{"line":306,"column":8},"end":{"line":306,"column":8},"skip":true},{"start":{"line":306,"column":8},"end":{"line":306,"column":8},"skip":true}]},"26":{"line":310,"type":"if","locations":[{"start":{"line":310,"column":8},"end":{"line":310,"column":8},"skip":true},{"start":{"line":310,"column":8},"end":{"line":310,"column":8},"skip":true}]},"27":{"line":313,"type":"binary-expr","locations":[{"start":{"line":313,"column":27},"end":{"line":313,"column":43},"skip":true},{"start":{"line":313,"column":47},"end":{"line":313,"column":53},"skip":true}]},"28":{"line":317,"type":"if","locations":[{"start":{"line":317,"column":12},"end":{"line":317,"column":12},"skip":true},{"start":{"line":317,"column":12},"end":{"line":317,"column":12},"skip":true}]}},"code":["/*","example.js","","quickstart example","","instruction","    1. save this script as example.js","    2. run the shell command:","        $ npm install npmtest-juice2 && PORT=8081 node example.js","    3. play with the browser-demo on http://127.0.0.1:8081","*/","","","","/* istanbul instrument in package npmtest_juice2 */","/*jslint","    bitwise: true,","    browser: true,","    maxerr: 8,","    maxlen: 96,","    node: true,","    nomen: true,","    regexp: true,","    stupid: true","*/","(function () {","    'use strict';","    var local;","","","","    // run shared js-env code - pre-init","    (function () {","        // init local","        local = {};","        // init modeJs","        local.modeJs = (function () {","            try {","                return typeof navigator.userAgent === 'string' &&","                    typeof document.querySelector('body') === 'object' &&","                    typeof XMLHttpRequest.prototype.open === 'function' &&","                    'browser';","            } catch (errorCaughtBrowser) {","                return module.exports &&","                    typeof process.versions.node === 'string' &&","                    typeof require('http').createServer === 'function' &&","                    'node';","            }","        }());","        // init global","        local.global = local.modeJs === 'browser'","            ? window","            : global;","        // init utility2_rollup","        local = local.global.utility2_rollup || (local.modeJs === 'browser'","            ? local.global.utility2_npmtest_juice2","            : global.utility2_moduleExports);","        // export local","        local.global.local = local;","    }());","    switch (local.modeJs) {","","","","    // post-init","    // run browser js-env code - post-init","    /* istanbul ignore next */","    case 'browser':","        local.testRunBrowser = function (event) {","            if (!event || (event &&","                    event.currentTarget &&","                    event.currentTarget.className &&","                    event.currentTarget.className.includes &&","                    event.currentTarget.className.includes('onreset'))) {","                // reset output","                Array.from(","                    document.querySelectorAll('body > .resettable')","                ).forEach(function (element) {","                    switch (element.tagName) {","                    case 'INPUT':","                    case 'TEXTAREA':","                        element.value = '';","                        break;","                    default:","                        element.textContent = '';","                    }","                });","            }","            switch (event && event.currentTarget && event.currentTarget.id) {","            case 'testRunButton1':","                // show tests","                if (document.querySelector('#testReportDiv1').style.display === 'none') {","                    document.querySelector('#testReportDiv1').style.display = 'block';","                    document.querySelector('#testRunButton1').textContent =","                        'hide internal test';","                    local.modeTest = true;","                    local.testRunDefault(local);","                // hide tests","                } else {","                    document.querySelector('#testReportDiv1').style.display = 'none';","                    document.querySelector('#testRunButton1').textContent = 'run internal test';","                }","                break;","            // custom-case","            default:","                break;","            }","            if (document.querySelector('#inputTextareaEval1') && (!event || (event &&","                    event.currentTarget &&","                    event.currentTarget.className &&","                    event.currentTarget.className.includes &&","                    event.currentTarget.className.includes('oneval')))) {","                // try to eval input-code","                try {","                    /*jslint evil: true*/","                    eval(document.querySelector('#inputTextareaEval1').value);","                } catch (errorCaught) {","                    console.error(errorCaught);","                }","            }","        };","        // log stderr and stdout to #outputTextareaStdout1","        ['error', 'log'].forEach(function (key) {","            console[key + '_original'] = console[key];","            console[key] = function () {","                var element;","                console[key + '_original'].apply(console, arguments);","                element = document.querySelector('#outputTextareaStdout1');","                if (!element) {","                    return;","                }","                // append text to #outputTextareaStdout1","                element.value += Array.from(arguments).map(function (arg) {","                    return typeof arg === 'string'","                        ? arg","                        : JSON.stringify(arg, null, 4);","                }).join(' ') + '\\n';","                // scroll textarea to bottom","                element.scrollTop = element.scrollHeight;","            };","        });","        // init event-handling","        ['change', 'click', 'keyup'].forEach(function (event) {","            Array.from(document.querySelectorAll('.on' + event)).forEach(function (element) {","                element.addEventListener(event, local.testRunBrowser);","            });","        });","        // run tests","        local.testRunBrowser();","        break;","","","","    // run node js-env code - post-init","    /* istanbul ignore next */","    case 'node':","        // export local","        module.exports = local;","        // require modules","        local.fs = require('fs');","        local.http = require('http');","        local.url = require('url');","        // init assets","        local.assetsDict = local.assetsDict || {};","        /* jslint-ignore-begin */","        local.assetsDict['/assets.index.template.html'] = '\\","<!doctype html>\\n\\","<html lang=\"en\">\\n\\","<head>\\n\\","<meta charset=\"UTF-8\">\\n\\","<meta name=\"viewport\" content=\"width=device-width, initial-scale=1\">\\n\\","<title>{{env.npm_package_name}} (v{{env.npm_package_version}})</title>\\n\\","<style>\\n\\","/*csslint\\n\\","    box-sizing: false,\\n\\","    universal-selector: false\\n\\","*/\\n\\","* {\\n\\","    box-sizing: border-box;\\n\\","}\\n\\","body {\\n\\","    background: #dde;\\n\\","    font-family: Arial, Helvetica, sans-serif;\\n\\","    margin: 2rem;\\n\\","}\\n\\","body > * {\\n\\","    margin-bottom: 1rem;\\n\\","}\\n\\",".utility2FooterDiv {\\n\\","    margin-top: 20px;\\n\\","    text-align: center;\\n\\","}\\n\\","</style>\\n\\","<style>\\n\\","/*csslint\\n\\","*/\\n\\","textarea {\\n\\","    font-family: monospace;\\n\\","    height: 10rem;\\n\\","    width: 100%;\\n\\","}\\n\\","textarea[readonly] {\\n\\","    background: #ddd;\\n\\","}\\n\\","</style>\\n\\","</head>\\n\\","<body>\\n\\","<!-- utility2-comment\\n\\","<div id=\"ajaxProgressDiv1\" style=\"background: #d00; height: 2px; left: 0; margin: 0; padding: 0; position: fixed; top: 0; transition: background 0.5s, width 1.5s; width: 25%;\"></div>\\n\\","utility2-comment -->\\n\\","<h1>\\n\\","<!-- utility2-comment\\n\\","    <a\\n\\","        {{#if env.npm_package_homepage}}\\n\\","        href=\"{{env.npm_package_homepage}}\"\\n\\","        {{/if env.npm_package_homepage}}\\n\\","        target=\"_blank\"\\n\\","    >\\n\\","utility2-comment -->\\n\\","        {{env.npm_package_name}} (v{{env.npm_package_version}})\\n\\","<!-- utility2-comment\\n\\","    </a>\\n\\","utility2-comment -->\\n\\","</h1>\\n\\","<h3>{{env.npm_package_description}}</h3>\\n\\","<!-- utility2-comment\\n\\","<h4><a download href=\"assets.app.js\">download standalone app</a></h4>\\n\\","<button class=\"onclick onreset\" id=\"testRunButton1\">run internal test</button><br>\\n\\","<div id=\"testReportDiv1\" style=\"display: none;\"></div>\\n\\","utility2-comment -->\\n\\","\\n\\","\\n\\","\\n\\","<label>stderr and stdout</label>\\n\\","<textarea class=\"resettable\" id=\"outputTextareaStdout1\" readonly></textarea>\\n\\","<!-- utility2-comment\\n\\","{{#if isRollup}}\\n\\","<script src=\"assets.app.js\"></script>\\n\\","{{#unless isRollup}}\\n\\","utility2-comment -->\\n\\","<script src=\"assets.utility2.rollup.js\"></script>\\n\\","<script src=\"jsonp.utility2._stateInit?callback=window.utility2._stateInit\"></script>\\n\\","<script src=\"assets.npmtest_juice2.rollup.js\"></script>\\n\\","<script src=\"assets.example.js\"></script>\\n\\","<script src=\"assets.test.js\"></script>\\n\\","<!-- utility2-comment\\n\\","{{/if isRollup}}\\n\\","utility2-comment -->\\n\\","<div class=\"utility2FooterDiv\">\\n\\","    [ this app was created with\\n\\","    <a href=\"https://github.com/kaizhu256/node-utility2\" target=\"_blank\">utility2</a>\\n\\","    ]\\n\\","</div>\\n\\","</body>\\n\\","</html>\\n\\","';","        /* jslint-ignore-end */","        if (local.templateRender) {","            local.assetsDict['/'] = local.templateRender(","                local.assetsDict['/assets.index.template.html'],","                {","                    env: local.objectSetDefault(local.env, {","                        npm_package_description: 'the greatest app in the world!',","                        npm_package_name: 'my-app',","                        npm_package_nameAlias: 'my_app',","                        npm_package_version: '0.0.1'","                    })","                }","            );","        } else {","            local.assetsDict['/'] = local.assetsDict['/assets.index.template.html']","                .replace((/\\{\\{env\\.(\\w+?)\\}\\}/g), function (match0, match1) {","                    // jslint-hack","                    String(match0);","                    switch (match1) {","                    case 'npm_package_description':","                        return 'the greatest app in the world!';","                    case 'npm_package_name':","                        return 'my-app';","                    case 'npm_package_nameAlias':","                        return 'my_app';","                    case 'npm_package_version':","                        return '0.0.1';","                    }","                });","        }","        // run the cli","        if (local.global.utility2_rollup || module !== require.main) {","            break;","        }","        local.assetsDict['/assets.example.js'] =","            local.assetsDict['/assets.example.js'] ||","            local.fs.readFileSync(__filename, 'utf8');","        // bug-workaround - long $npm_package_buildCustomOrg","        /* jslint-ignore-begin */","        local.assetsDict['/assets.npmtest_juice2.rollup.js'] =","            local.assetsDict['/assets.npmtest_juice2.rollup.js'] ||","            local.fs.readFileSync(","                local.npmtest_juice2.__dirname + '/lib.npmtest_juice2.js',","                'utf8'","            ).replace((/^#!/), '//');","        /* jslint-ignore-end */","        local.assetsDict['/favicon.ico'] = local.assetsDict['/favicon.ico'] || '';","        // if $npm_config_timeout_exit exists,","        // then exit this process after $npm_config_timeout_exit ms","        if (Number(process.env.npm_config_timeout_exit)) {","            setTimeout(process.exit, Number(process.env.npm_config_timeout_exit));","        }","        // start server","        if (local.global.utility2_serverHttp1) {","            break;","        }","        process.env.PORT = process.env.PORT || '8081';","        console.error('server starting on port ' + process.env.PORT);","        local.http.createServer(function (request, response) {","            request.urlParsed = local.url.parse(request.url);","            if (local.assetsDict[request.urlParsed.pathname] !== undefined) {","                response.end(local.assetsDict[request.urlParsed.pathname]);","                return;","            }","            response.statusCode = 404;","            response.end();","        }).listen(process.env.PORT);","        break;","    }","}());",""],"l":{"26":2,"28":2,"33":2,"35":2,"37":2,"38":2,"39":2,"44":1,"51":2,"55":2,"59":2,"61":2,"69":1,"70":2,"76":2,"79":2,"82":2,"83":2,"85":1,"89":2,"92":1,"93":1,"94":1,"96":1,"97":1,"100":1,"101":1,"103":1,"106":1,"108":2,"114":1,"116":1,"118":1,"123":1,"124":2,"125":2,"126":3,"127":3,"128":3,"129":3,"130":1,"133":3,"134":3,"139":3,"143":1,"144":3,"145":1,"149":1,"150":1,"158":1,"160":1,"161":1,"162":1,"164":1,"166":1,"258":1,"259":1,"271":1,"274":6,"275":6,"277":1,"279":2,"281":1,"283":2,"288":1,"289":1,"291":1,"296":1,"303":1,"306":1,"307":1,"310":1,"311":1,"313":1,"314":1,"315":1,"316":1,"317":1,"318":1,"319":1,"321":1,"322":1,"324":1}},"/home/travis/build/npmtest/node-npmtest-juice2/node_modules/juice2/index.js":{"path":"/home/travis/build/npmtest/node-npmtest-juice2/node_modules/juice2/index.js","s":{"1":1},"b":{},"f":{},"fnMap":{},"statementMap":{"1":{"start":{"line":2,"column":0},"end":{"line":2,"column":40}}},"branchMap":{},"code":["","module.exports = require('./lib/juice');",""],"l":{"2":1}},"/home/travis/build/npmtest/node-npmtest-juice2/node_modules/juice2/lib/juice.js":{"path":"/home/travis/build/npmtest/node-npmtest-juice2/node_modules/juice2/lib/juice.js","s":{"1":1,"2":1,"3":1,"4":1,"5":1,"6":1,"7":1,"8":1,"9":1,"10":1,"11":1,"12":1,"13":1,"14":1,"15":1,"16":1,"17":1,"18":1,"19":1,"20":1,"21":1,"22":1,"23":1,"24":1,"25":1,"26":1,"27":0,"28":0,"29":0,"30":0,"31":0,"32":1,"33":0,"34":0,"35":0,"36":0,"37":0,"38":0,"39":0,"40":0,"41":0,"42":0,"43":0,"44":0,"45":0,"46":0,"47":0,"48":0,"49":0,"50":0,"51":0,"52":0,"53":1,"54":0,"55":0,"56":0,"57":0,"58":0,"59":0,"60":0,"61":0,"62":1,"63":0,"64":0,"65":0,"66":0,"67":0,"68":0,"69":0,"70":0,"71":1,"72":0,"73":0,"74":0,"75":0,"76":0,"77":0,"78":1,"79":0,"80":0,"81":0,"82":0,"83":0,"84":1,"85":0,"86":0,"87":0,"88":0,"89":0,"90":0,"91":0,"92":0,"93":0,"94":0,"95":0,"96":0,"97":0,"98":1,"99":0,"100":1,"101":0,"102":0,"103":0,"104":0,"105":0,"106":0,"107":0,"108":1,"109":0,"110":0,"111":0,"112":0,"113":0,"114":0,"115":1,"116":0,"117":0,"118":0,"119":0,"120":0,"121":1,"122":0,"123":0,"124":0,"125":0,"126":1,"127":0,"128":0,"129":0,"130":0,"131":0,"132":0,"133":0,"134":0,"135":1,"136":0,"137":0,"138":0,"139":0,"140":0,"141":0,"142":0,"143":0,"144":0,"145":0,"146":0,"147":0,"148":0,"149":0,"150":1,"151":0,"152":0,"153":0,"154":0,"155":0,"156":0,"157":0,"158":0,"159":0,"160":0,"161":1,"162":0,"163":0,"164":0,"165":0,"166":0,"167":0,"168":1,"169":0,"170":0,"171":0,"172":0,"173":0,"174":0,"175":0,"176":0,"177":0,"178":0,"179":0,"180":0,"181":0,"182":0,"183":0,"184":1,"185":0,"186":0,"187":0,"188":0,"189":0,"190":0,"191":0,"192":0,"193":0,"194":0,"195":0,"196":0,"197":0,"198":0,"199":0,"200":0,"201":0,"202":0,"203":0,"204":0,"205":0,"206":0,"207":0,"208":0,"209":0,"210":0},"b":{"1":[0,0],"2":[0,0],"3":[0,0],"4":[0,0],"5":[0,0],"6":[0,0],"7":[0,0],"8":[0,0],"9":[0,0],"10":[0,0],"11":[0,0],"12":[0,0],"13":[0,0],"14":[0,0],"15":[0,0],"16":[0,0],"17":[0,0],"18":[0,0],"19":[0,0],"20":[0,0],"21":[0,0],"22":[0,0],"23":[0,0],"24":[0,0],"25":[0,0],"26":[0,0],"27":[0,0],"28":[0,0],"29":[0,0],"30":[0,0],"31":[0,0],"32":[0,0],"33":[0,0],"34":[0,0],"35":[0,0],"36":[0,0],"37":[0,0],"38":[0,0],"39":[0,0]},"f":{"1":0,"2":0,"3":0,"4":0,"5":0,"6":0,"7":0,"8":0,"9":0,"10":0,"11":0,"12":0,"13":0,"14":0,"15":0,"16":0,"17":0,"18":0,"19":0,"20":0,"21":0,"22":0,"23":0,"24":0,"25":0,"26":0,"27":0,"28":0,"29":0,"30":0,"31":0},"fnMap":{"1":{"name":"inlineDocument","line":62,"loc":{"start":{"line":62,"column":0},"end":{"line":62,"column":48}}},"2":{"name":"handleRule","line":74,"loc":{"start":{"line":74,"column":2},"end":{"line":74,"column":28}}},"3":{"name":"(anonymous_3)","line":98,"loc":{"start":{"line":98,"column":31},"end":{"line":98,"column":45}}},"4":{"name":"addProps","line":113,"loc":{"start":{"line":113,"column":6},"end":{"line":113,"column":42}}},"5":{"name":"setStyleAttrs","line":136,"loc":{"start":{"line":136,"column":2},"end":{"line":136,"column":29}}},"6":{"name":"(anonymous_6)","line":142,"loc":{"start":{"line":142,"column":24},"end":{"line":143,"column":4}}},"7":{"name":"setWidthAttrs","line":151,"loc":{"start":{"line":151,"column":2},"end":{"line":151,"column":29}}},"8":{"name":"juiceDocument","line":164,"loc":{"start":{"line":164,"column":0},"end":{"line":164,"column":52}}},"9":{"name":"(anonymous_9)","line":167,"loc":{"start":{"line":167,"column":44},"end":{"line":167,"column":63}}},"10":{"name":"juiceContent","line":173,"loc":{"start":{"line":173,"column":0},"end":{"line":173,"column":47}}},"11":{"name":"(anonymous_11)","line":180,"loc":{"start":{"line":180,"column":35},"end":{"line":180,"column":49}}},"12":{"name":"getDefaultOptions","line":200,"loc":{"start":{"line":200,"column":0},"end":{"line":200,"column":36}}},"13":{"name":"juiceFile","line":213,"loc":{"start":{"line":213,"column":0},"end":{"line":213,"column":48}}},"14":{"name":"(anonymous_14)","line":215,"loc":{"start":{"line":215,"column":32},"end":{"line":215,"column":55}}},"15":{"name":"inlineContent","line":224,"loc":{"start":{"line":224,"column":0},"end":{"line":224,"column":34}}},"16":{"name":"juice","line":244,"loc":{"start":{"line":244,"column":0},"end":{"line":244,"column":34}}},"17":{"name":"inlineDocumentWithCb","line":252,"loc":{"start":{"line":252,"column":0},"end":{"line":252,"column":64}}},"18":{"name":"removeStyleTags","line":261,"loc":{"start":{"line":261,"column":0},"end":{"line":261,"column":44}}},"19":{"name":"getStylesData","line":278,"loc":{"start":{"line":278,"column":0},"end":{"line":278,"column":52}}},"20":{"name":"getHrefContent","line":298,"loc":{"start":{"line":298,"column":0},"end":{"line":298,"column":56}}},"21":{"name":"getRemoteContent","line":315,"loc":{"start":{"line":315,"column":0},"end":{"line":315,"column":47}}},"22":{"name":"(anonymous_22)","line":316,"loc":{"start":{"line":316,"column":41},"end":{"line":316,"column":61}}},"23":{"name":"getStylesheetList","line":327,"loc":{"start":{"line":327,"column":0},"end":{"line":327,"column":46}}},"24":{"name":"extractCssFromDocument","line":349,"loc":{"start":{"line":349,"column":0},"end":{"line":349,"column":61}}},"25":{"name":"(anonymous_25)","line":355,"loc":{"start":{"line":355,"column":10},"end":{"line":355,"column":29}}},"26":{"name":"(anonymous_26)","line":356,"loc":{"start":{"line":356,"column":37},"end":{"line":356,"column":56}}},"27":{"name":"(anonymous_27)","line":361,"loc":{"start":{"line":361,"column":47},"end":{"line":361,"column":69}}},"28":{"name":"(anonymous_28)","line":362,"loc":{"start":{"line":362,"column":12},"end":{"line":362,"column":31}}},"29":{"name":"(anonymous_29)","line":364,"loc":{"start":{"line":364,"column":51},"end":{"line":364,"column":70}}},"30":{"name":"(anonymous_30)","line":370,"loc":{"start":{"line":370,"column":12},"end":{"line":370,"column":36}}},"31":{"name":"(anonymous_31)","line":372,"loc":{"start":{"line":372,"column":27},"end":{"line":372,"column":48}}}},"statementMap":{"1":{"start":{"line":8,"column":0},"end":{"line":8,"column":23}},"2":{"start":{"line":14,"column":0},"end":{"line":14,"column":31}},"3":{"start":{"line":15,"column":0},"end":{"line":15,"column":37}},"4":{"start":{"line":16,"column":0},"end":{"line":16,"column":37}},"5":{"start":{"line":17,"column":0},"end":{"line":17,"column":40}},"6":{"start":{"line":18,"column":0},"end":{"line":18,"column":23}},"7":{"start":{"line":19,"column":0},"end":{"line":19,"column":27}},"8":{"start":{"line":20,"column":0},"end":{"line":20,"column":25}},"9":{"start":{"line":21,"column":0},"end":{"line":21,"column":39}},"10":{"start":{"line":22,"column":0},"end":{"line":22,"column":27}},"11":{"start":{"line":23,"column":0},"end":{"line":23,"column":31}},"12":{"start":{"line":24,"column":0},"end":{"line":24,"column":23}},"13":{"start":{"line":25,"column":0},"end":{"line":25,"column":68}},"14":{"start":{"line":26,"column":0},"end":{"line":26,"column":67}},"15":{"start":{"line":32,"column":0},"end":{"line":32,"column":36}},"16":{"start":{"line":38,"column":0},"end":{"line":38,"column":26}},"17":{"start":{"line":44,"column":0},"end":{"line":44,"column":26}},"18":{"start":{"line":50,"column":0},"end":{"line":50,"column":33}},"19":{"start":{"line":53,"column":0},"end":{"line":53,"column":71}},"20":{"start":{"line":54,"column":0},"end":{"line":54,"column":45}},"21":{"start":{"line":56,"column":0},"end":{"line":56,"column":36}},"22":{"start":{"line":57,"column":0},"end":{"line":57,"column":34}},"23":{"start":{"line":58,"column":0},"end":{"line":58,"column":28}},"24":{"start":{"line":59,"column":0},"end":{"line":59,"column":38}},"25":{"start":{"line":60,"column":0},"end":{"line":60,"column":36}},"26":{"start":{"line":62,"column":0},"end":{"line":162,"column":1}},"27":{"start":{"line":64,"column":2},"end":{"line":65,"column":26}},"28":{"start":{"line":67,"column":2},"end":{"line":67,"column":28}},"29":{"start":{"line":68,"column":2},"end":{"line":68,"column":40}},"30":{"start":{"line":70,"column":2},"end":{"line":72,"column":3}},"31":{"start":{"line":71,"column":4},"end":{"line":71,"column":42}},"32":{"start":{"line":74,"column":2},"end":{"line":134,"column":3}},"33":{"start":{"line":75,"column":4},"end":{"line":77,"column":37}},"34":{"start":{"line":80,"column":4},"end":{"line":80,"column":43}},"35":{"start":{"line":81,"column":4},"end":{"line":89,"column":5}},"36":{"start":{"line":82,"column":6},"end":{"line":82,"column":37}},"37":{"start":{"line":83,"column":6},"end":{"line":88,"column":7}},"38":{"start":{"line":84,"column":8},"end":{"line":87,"column":9}},"39":{"start":{"line":85,"column":10},"end":{"line":85,"column":47}},"40":{"start":{"line":86,"column":10},"end":{"line":86,"column":75}},"41":{"start":{"line":86,"column":68},"end":{"line":86,"column":75}},"42":{"start":{"line":91,"column":4},"end":{"line":91,"column":12}},"43":{"start":{"line":92,"column":4},"end":{"line":97,"column":5}},"44":{"start":{"line":93,"column":6},"end":{"line":93,"column":43}},"45":{"start":{"line":96,"column":6},"end":{"line":96,"column":13}},"46":{"start":{"line":98,"column":4},"end":{"line":133,"column":7}},"47":{"start":{"line":99,"column":6},"end":{"line":110,"column":7}},"48":{"start":{"line":100,"column":8},"end":{"line":100,"column":26}},"49":{"start":{"line":103,"column":8},"end":{"line":106,"column":9}},"50":{"start":{"line":104,"column":10},"end":{"line":104,"column":65}},"51":{"start":{"line":105,"column":10},"end":{"line":105,"column":65}},"52":{"start":{"line":109,"column":8},"end":{"line":109,"column":32}},"53":{"start":{"line":113,"column":6},"end":{"line":130,"column":7}},"54":{"start":{"line":114,"column":8},"end":{"line":129,"column":9}},"55":{"start":{"line":115,"column":10},"end":{"line":119,"column":45}},"56":{"start":{"line":121,"column":10},"end":{"line":128,"column":11}},"57":{"start":{"line":122,"column":12},"end":{"line":123,"column":57}},"58":{"start":{"line":125,"column":12},"end":{"line":125,"column":60}},"59":{"start":{"line":125,"column":33},"end":{"line":125,"column":60}},"60":{"start":{"line":127,"column":12},"end":{"line":127,"column":39}},"61":{"start":{"line":132,"column":6},"end":{"line":132,"column":32}},"62":{"start":{"line":136,"column":2},"end":{"line":149,"column":3}},"63":{"start":{"line":137,"column":4},"end":{"line":137,"column":19}},"64":{"start":{"line":138,"column":4},"end":{"line":140,"column":5}},"65":{"start":{"line":139,"column":6},"end":{"line":139,"column":99}},"66":{"start":{"line":142,"column":4},"end":{"line":147,"column":8}},"67":{"start":{"line":144,"column":6},"end":{"line":144,"column":36}},"68":{"start":{"line":145,"column":6},"end":{"line":145,"column":36}},"69":{"start":{"line":146,"column":6},"end":{"line":146,"column":60}},"70":{"start":{"line":148,"column":4},"end":{"line":148,"column":46}},"71":{"start":{"line":151,"column":2},"end":{"line":161,"column":3}},"72":{"start":{"line":152,"column":4},"end":{"line":160,"column":5}},"73":{"start":{"line":153,"column":6},"end":{"line":159,"column":7}},"74":{"start":{"line":154,"column":8},"end":{"line":158,"column":9}},"75":{"start":{"line":155,"column":10},"end":{"line":155,"column":65}},"76":{"start":{"line":156,"column":10},"end":{"line":156,"column":44}},"77":{"start":{"line":157,"column":10},"end":{"line":157,"column":17}},"78":{"start":{"line":164,"column":0},"end":{"line":171,"column":1}},"79":{"start":{"line":165,"column":2},"end":{"line":165,"column":52}},"80":{"start":{"line":166,"column":2},"end":{"line":166,"column":39}},"81":{"start":{"line":167,"column":2},"end":{"line":170,"column":5}},"82":{"start":{"line":168,"column":4},"end":{"line":168,"column":35}},"83":{"start":{"line":169,"column":4},"end":{"line":169,"column":59}},"84":{"start":{"line":173,"column":0},"end":{"line":198,"column":1}},"85":{"start":{"line":174,"column":2},"end":{"line":174,"column":52}},"86":{"start":{"line":175,"column":2},"end":{"line":175,"column":39}},"87":{"start":{"line":178,"column":2},"end":{"line":178,"column":15}},"88":{"start":{"line":179,"column":2},"end":{"line":179,"column":35}},"89":{"start":{"line":180,"column":2},"end":{"line":197,"column":5}},"90":{"start":{"line":181,"column":4},"end":{"line":196,"column":5}},"91":{"start":{"line":184,"column":6},"end":{"line":186,"column":29}},"92":{"start":{"line":185,"column":7},"end":{"line":185,"column":37}},"93":{"start":{"line":187,"column":6},"end":{"line":187,"column":20}},"94":{"start":{"line":189,"column":6},"end":{"line":189,"column":37}},"95":{"start":{"line":192,"column":6},"end":{"line":194,"column":29}},"96":{"start":{"line":193,"column":8},"end":{"line":193,"column":38}},"97":{"start":{"line":195,"column":6},"end":{"line":195,"column":28}},"98":{"start":{"line":200,"column":0},"end":{"line":211,"column":1}},"99":{"start":{"line":201,"column":2},"end":{"line":210,"column":14}},"100":{"start":{"line":213,"column":0},"end":{"line":222,"column":1}},"101":{"start":{"line":215,"column":2},"end":{"line":221,"column":5}},"102":{"start":{"line":216,"column":4},"end":{"line":216,"column":34}},"103":{"start":{"line":216,"column":13},"end":{"line":216,"column":34}},"104":{"start":{"line":217,"column":4},"end":{"line":217,"column":41}},"105":{"start":{"line":218,"column":4},"end":{"line":218,"column":60}},"106":{"start":{"line":219,"column":4},"end":{"line":219,"column":93}},"107":{"start":{"line":220,"column":4},"end":{"line":220,"column":45}},"108":{"start":{"line":224,"column":0},"end":{"line":234,"column":1}},"109":{"start":{"line":225,"column":2},"end":{"line":225,"column":35}},"110":{"start":{"line":226,"column":2},"end":{"line":226,"column":36}},"111":{"start":{"line":227,"column":2},"end":{"line":227,"column":33}},"112":{"start":{"line":230,"column":2},"end":{"line":232,"column":25}},"113":{"start":{"line":231,"column":4},"end":{"line":231,"column":34}},"114":{"start":{"line":233,"column":2},"end":{"line":233,"column":15}},"115":{"start":{"line":244,"column":0},"end":{"line":250,"column":1}},"116":{"start":{"line":246,"column":2},"end":{"line":246,"column":65}},"117":{"start":{"line":246,"column":32},"end":{"line":246,"column":65}},"118":{"start":{"line":247,"column":2},"end":{"line":247,"column":33}},"119":{"start":{"line":248,"column":2},"end":{"line":248,"column":36}},"120":{"start":{"line":249,"column":2},"end":{"line":249,"column":37}},"121":{"start":{"line":252,"column":0},"end":{"line":259,"column":1}},"122":{"start":{"line":253,"column":2},"end":{"line":258,"column":3}},"123":{"start":{"line":254,"column":4},"end":{"line":254,"column":43}},"124":{"start":{"line":255,"column":4},"end":{"line":255,"column":15}},"125":{"start":{"line":257,"column":4},"end":{"line":257,"column":18}},"126":{"start":{"line":261,"column":0},"end":{"line":276,"column":1}},"127":{"start":{"line":262,"column":2},"end":{"line":275,"column":3}},"128":{"start":{"line":263,"column":4},"end":{"line":263,"column":60}},"129":{"start":{"line":265,"column":4},"end":{"line":274,"column":5}},"130":{"start":{"line":266,"column":6},"end":{"line":266,"column":39}},"131":{"start":{"line":267,"column":6},"end":{"line":273,"column":7}},"132":{"start":{"line":268,"column":8},"end":{"line":268,"column":89}},"133":{"start":{"line":269,"column":8},"end":{"line":269,"column":60}},"134":{"start":{"line":272,"column":8},"end":{"line":272,"column":58}},"135":{"start":{"line":278,"column":0},"end":{"line":296,"column":1}},"136":{"start":{"line":279,"column":2},"end":{"line":279,"column":19}},"137":{"start":{"line":280,"column":2},"end":{"line":293,"column":3}},"138":{"start":{"line":281,"column":4},"end":{"line":281,"column":60}},"139":{"start":{"line":282,"column":4},"end":{"line":282,"column":50}},"140":{"start":{"line":283,"column":4},"end":{"line":292,"column":5}},"141":{"start":{"line":284,"column":6},"end":{"line":284,"column":35}},"142":{"start":{"line":285,"column":6},"end":{"line":285,"column":46}},"143":{"start":{"line":286,"column":6},"end":{"line":289,"column":7}},"144":{"start":{"line":287,"column":8},"end":{"line":287,"column":51}},"145":{"start":{"line":288,"column":8},"end":{"line":288,"column":15}},"146":{"start":{"line":290,"column":6},"end":{"line":290,"column":40}},"147":{"start":{"line":291,"column":6},"end":{"line":291,"column":30}},"148":{"start":{"line":294,"column":2},"end":{"line":294,"column":37}},"149":{"start":{"line":295,"column":2},"end":{"line":295,"column":26}},"150":{"start":{"line":298,"column":0},"end":{"line":313,"column":1}},"151":{"start":{"line":299,"column":2},"end":{"line":299,"column":54}},"152":{"start":{"line":300,"column":2},"end":{"line":300,"column":41}},"153":{"start":{"line":301,"column":2},"end":{"line":312,"column":3}},"154":{"start":{"line":302,"column":4},"end":{"line":304,"column":5}},"155":{"start":{"line":303,"column":6},"end":{"line":303,"column":44}},"156":{"start":{"line":305,"column":4},"end":{"line":305,"column":80}},"157":{"start":{"line":306,"column":4},"end":{"line":308,"column":5}},"158":{"start":{"line":307,"column":6},"end":{"line":307,"column":36}},"159":{"start":{"line":309,"column":4},"end":{"line":309,"column":64}},"160":{"start":{"line":311,"column":4},"end":{"line":311,"column":44}},"161":{"start":{"line":315,"column":0},"end":{"line":325,"column":1}},"162":{"start":{"line":316,"column":2},"end":{"line":324,"column":5}},"163":{"start":{"line":317,"column":4},"end":{"line":323,"column":5}},"164":{"start":{"line":318,"column":6},"end":{"line":318,"column":20}},"165":{"start":{"line":319,"column":11},"end":{"line":323,"column":5}},"166":{"start":{"line":320,"column":6},"end":{"line":320,"column":32}},"167":{"start":{"line":322,"column":6},"end":{"line":322,"column":66}},"168":{"start":{"line":327,"column":0},"end":{"line":347,"column":1}},"169":{"start":{"line":328,"column":2},"end":{"line":328,"column":19}},"170":{"start":{"line":329,"column":2},"end":{"line":329,"column":55}},"171":{"start":{"line":330,"column":2},"end":{"line":330,"column":48}},"172":{"start":{"line":332,"column":2},"end":{"line":345,"column":3}},"173":{"start":{"line":333,"column":4},"end":{"line":333,"column":23}},"174":{"start":{"line":334,"column":4},"end":{"line":334,"column":15}},"175":{"start":{"line":335,"column":4},"end":{"line":338,"column":5}},"176":{"start":{"line":336,"column":6},"end":{"line":336,"column":32}},"177":{"start":{"line":337,"column":6},"end":{"line":337,"column":50}},"178":{"start":{"line":339,"column":4},"end":{"line":344,"column":5}},"179":{"start":{"line":340,"column":6},"end":{"line":340,"column":113}},"180":{"start":{"line":340,"column":66},"end":{"line":340,"column":113}},"181":{"start":{"line":341,"column":6},"end":{"line":343,"column":7}},"182":{"start":{"line":342,"column":8},"end":{"line":342,"column":42}},"183":{"start":{"line":346,"column":2},"end":{"line":346,"column":17}},"184":{"start":{"line":349,"column":0},"end":{"line":386,"column":1}},"185":{"start":{"line":350,"column":2},"end":{"line":350,"column":24}},"186":{"start":{"line":351,"column":2},"end":{"line":351,"column":16}},"187":{"start":{"line":352,"column":2},"end":{"line":352,"column":17}},"188":{"start":{"line":353,"column":2},"end":{"line":353,"column":26}},"189":{"start":{"line":355,"column":2},"end":{"line":360,"column":5}},"190":{"start":{"line":356,"column":4},"end":{"line":359,"column":7}},"191":{"start":{"line":357,"column":6},"end":{"line":357,"column":23}},"192":{"start":{"line":358,"column":6},"end":{"line":358,"column":20}},"193":{"start":{"line":361,"column":2},"end":{"line":369,"column":5}},"194":{"start":{"line":362,"column":4},"end":{"line":368,"column":7}},"195":{"start":{"line":363,"column":6},"end":{"line":363,"column":30}},"196":{"start":{"line":364,"column":6},"end":{"line":367,"column":9}},"197":{"start":{"line":365,"column":8},"end":{"line":365,"column":72}},"198":{"start":{"line":366,"column":8},"end":{"line":366,"column":22}},"199":{"start":{"line":370,"column":2},"end":{"line":385,"column":5}},"200":{"start":{"line":371,"column":4},"end":{"line":371,"column":34}},"201":{"start":{"line":371,"column":13},"end":{"line":371,"column":34}},"202":{"start":{"line":372,"column":4},"end":{"line":379,"column":7}},"203":{"start":{"line":373,"column":6},"end":{"line":373,"column":38}},"204":{"start":{"line":374,"column":6},"end":{"line":378,"column":7}},"205":{"start":{"line":375,"column":8},"end":{"line":375,"column":55}},"206":{"start":{"line":376,"column":8},"end":{"line":376,"column":70}},"207":{"start":{"line":377,"column":8},"end":{"line":377,"column":75}},"208":{"start":{"line":381,"column":4},"end":{"line":381,"column":39}},"209":{"start":{"line":383,"column":4},"end":{"line":383,"column":36}},"210":{"start":{"line":384,"column":4},"end":{"line":384,"column":24}}},"branchMap":{"1":{"line":70,"type":"if","locations":[{"start":{"line":70,"column":2},"end":{"line":70,"column":2}},{"start":{"line":70,"column":2},"end":{"line":70,"column":2}}]},"2":{"line":70,"type":"binary-expr","locations":[{"start":{"line":70,"column":6},"end":{"line":70,"column":13}},{"start":{"line":70,"column":17},"end":{"line":70,"column":45}}]},"3":{"line":83,"type":"if","locations":[{"start":{"line":83,"column":6},"end":{"line":83,"column":6}},{"start":{"line":83,"column":6},"end":{"line":83,"column":6}}]},"4":{"line":86,"type":"if","locations":[{"start":{"line":86,"column":10},"end":{"line":86,"column":10}},{"start":{"line":86,"column":10},"end":{"line":86,"column":10}}]},"5":{"line":99,"type":"if","locations":[{"start":{"line":99,"column":6},"end":{"line":99,"column":6}},{"start":{"line":99,"column":6},"end":{"line":99,"column":6}}]},"6":{"line":103,"type":"if","locations":[{"start":{"line":103,"column":8},"end":{"line":103,"column":8}},{"start":{"line":103,"column":8},"end":{"line":103,"column":8}}]},"7":{"line":117,"type":"cond-expr","locations":[{"start":{"line":117,"column":46},"end":{"line":117,"column":63}},{"start":{"line":117,"column":66},"end":{"line":117,"column":74}}]},"8":{"line":121,"type":"if","locations":[{"start":{"line":121,"column":10},"end":{"line":121,"column":10}},{"start":{"line":121,"column":10},"end":{"line":121,"column":10}}]},"9":{"line":123,"type":"cond-expr","locations":[{"start":{"line":123,"column":42},"end":{"line":123,"column":50}},{"start":{"line":123,"column":53},"end":{"line":123,"column":57}}]},"10":{"line":125,"type":"if","locations":[{"start":{"line":125,"column":12},"end":{"line":125,"column":12}},{"start":{"line":125,"column":12},"end":{"line":125,"column":12}}]},"11":{"line":146,"type":"cond-expr","locations":[{"start":{"line":146,"column":31},"end":{"line":146,"column":32}},{"start":{"line":146,"column":35},"end":{"line":146,"column":57}}]},"12":{"line":146,"type":"cond-expr","locations":[{"start":{"line":146,"column":51},"end":{"line":146,"column":53}},{"start":{"line":146,"column":56},"end":{"line":146,"column":57}}]},"13":{"line":152,"type":"if","locations":[{"start":{"line":152,"column":4},"end":{"line":152,"column":4}},{"start":{"line":152,"column":4},"end":{"line":152,"column":4}}]},"14":{"line":154,"type":"if","locations":[{"start":{"line":154,"column":8},"end":{"line":154,"column":8}},{"start":{"line":154,"column":8},"end":{"line":154,"column":8}}]},"15":{"line":154,"type":"binary-expr","locations":[{"start":{"line":154,"column":12},"end":{"line":154,"column":45}},{"start":{"line":154,"column":49},"end":{"line":154,"column":83}}]},"16":{"line":181,"type":"if","locations":[{"start":{"line":181,"column":4},"end":{"line":181,"column":4}},{"start":{"line":181,"column":4},"end":{"line":181,"column":4}}]},"17":{"line":216,"type":"if","locations":[{"start":{"line":216,"column":4},"end":{"line":216,"column":4}},{"start":{"line":216,"column":4},"end":{"line":216,"column":4}}]},"18":{"line":218,"type":"cond-expr","locations":[{"start":{"line":218,"column":46},"end":{"line":218,"column":52}},{"start":{"line":218,"column":55},"end":{"line":218,"column":59}}]},"19":{"line":219,"type":"binary-expr","locations":[{"start":{"line":219,"column":18},"end":{"line":219,"column":29}},{"start":{"line":219,"column":34},"end":{"line":219,"column":91}}]},"20":{"line":246,"type":"if","locations":[{"start":{"line":246,"column":2},"end":{"line":246,"column":2}},{"start":{"line":246,"column":2},"end":{"line":246,"column":2}}]},"21":{"line":247,"type":"cond-expr","locations":[{"start":{"line":247,"column":23},"end":{"line":247,"column":27}},{"start":{"line":247,"column":30},"end":{"line":247,"column":32}}]},"22":{"line":248,"type":"cond-expr","locations":[{"start":{"line":248,"column":24},"end":{"line":248,"column":28}},{"start":{"line":248,"column":31},"end":{"line":248,"column":35}}]},"23":{"line":262,"type":"if","locations":[{"start":{"line":262,"column":2},"end":{"line":262,"column":2}},{"start":{"line":262,"column":2},"end":{"line":262,"column":2}}]},"24":{"line":267,"type":"if","locations":[{"start":{"line":267,"column":6},"end":{"line":267,"column":6}},{"start":{"line":267,"column":6},"end":{"line":267,"column":6}}]},"25":{"line":280,"type":"if","locations":[{"start":{"line":280,"column":2},"end":{"line":280,"column":2}},{"start":{"line":280,"column":2},"end":{"line":280,"column":2}}]},"26":{"line":286,"type":"if","locations":[{"start":{"line":286,"column":6},"end":{"line":286,"column":6}},{"start":{"line":286,"column":6},"end":{"line":286,"column":6}}]},"27":{"line":301,"type":"if","locations":[{"start":{"line":301,"column":2},"end":{"line":301,"column":2}},{"start":{"line":301,"column":2},"end":{"line":301,"column":2}}]},"28":{"line":302,"type":"if","locations":[{"start":{"line":302,"column":4},"end":{"line":302,"column":4}},{"start":{"line":302,"column":4},"end":{"line":302,"column":4}}]},"29":{"line":306,"type":"if","locations":[{"start":{"line":306,"column":4},"end":{"line":306,"column":4}},{"start":{"line":306,"column":4},"end":{"line":306,"column":4}}]},"30":{"line":317,"type":"if","locations":[{"start":{"line":317,"column":4},"end":{"line":317,"column":4}},{"start":{"line":317,"column":4},"end":{"line":317,"column":4}}]},"31":{"line":319,"type":"if","locations":[{"start":{"line":319,"column":11},"end":{"line":319,"column":11}},{"start":{"line":319,"column":11},"end":{"line":319,"column":11}}]},"32":{"line":339,"type":"if","locations":[{"start":{"line":339,"column":4},"end":{"line":339,"column":4}},{"start":{"line":339,"column":4},"end":{"line":339,"column":4}}]},"33":{"line":339,"type":"binary-expr","locations":[{"start":{"line":339,"column":8},"end":{"line":339,"column":17}},{"start":{"line":339,"column":21},"end":{"line":339,"column":61}}]},"34":{"line":340,"type":"if","locations":[{"start":{"line":340,"column":6},"end":{"line":340,"column":6}},{"start":{"line":340,"column":6},"end":{"line":340,"column":6}}]},"35":{"line":340,"type":"binary-expr","locations":[{"start":{"line":340,"column":10},"end":{"line":340,"column":31}},{"start":{"line":340,"column":35},"end":{"line":340,"column":64}}]},"36":{"line":341,"type":"if","locations":[{"start":{"line":341,"column":6},"end":{"line":341,"column":6}},{"start":{"line":341,"column":6},"end":{"line":341,"column":6}}]},"37":{"line":341,"type":"binary-expr","locations":[{"start":{"line":341,"column":10},"end":{"line":341,"column":32}},{"start":{"line":341,"column":36},"end":{"line":341,"column":66}}]},"38":{"line":371,"type":"if","locations":[{"start":{"line":371,"column":4},"end":{"line":371,"column":4}},{"start":{"line":371,"column":4},"end":{"line":371,"column":4}}]},"39":{"line":374,"type":"if","locations":[{"start":{"line":374,"column":6},"end":{"line":374,"column":6}},{"start":{"line":374,"column":6},"end":{"line":374,"column":6}}]}},"code":["","/**"," * juice"," * Copyright(c) 2011 LearnBoost <dev@learnboost.com>"," * MIT Licensed"," */","","module.exports = juice;","","/**"," * Module dependencies."," */","","var utils = require('./utils');","var Selector = require('./selector');","var Property = require('./property');","var packageJson = require('../package');","var fs = require('fs');","var Pend = require('pend');","var url = require('url');","var superagent = require('superagent');","var path = require('path');","var assert = require('assert');","var os = require('os');","var styleSelector = new Selector('<style attribute>', [1, 0, 0, 0]);","var importantSelector = new Selector('<!important>', [2, 0, 0, 0]);","","/**"," * Package version"," */","","juice.version = packageJson.version;","","/**"," * Export Selector."," */","","juice.Selector = Selector;","","/**"," * Export Property."," */","","juice.Property = Property;","","/**"," * Export utils."," */","","juice.utils = require('./utils');","","","juice.ignoredPseudos = ['hover', 'active', 'focus', 'visited', 'link'];","juice.widthElements = ['TABLE', 'TD', 'IMG'];","","juice.juiceDocument = juiceDocument;","juice.juiceContent = juiceContent;","juice.juiceFile = juiceFile;","juice.inlineDocument = inlineDocument;","juice.inlineContent = inlineContent;","","function inlineDocument(document, css, options) {","","  var rules = utils.parseCSS(css)","    , editedElements = [];","","  rules.forEach(handleRule);","  editedElements.forEach(setStyleAttrs);","","  if (options && options.applyWidthAttributes) {","    editedElements.forEach(setWidthAttrs);","  }","","  function handleRule(rule) {","    var sel = rule[0]","      , style = rule[1]","      , selector = new Selector(sel);","","    // skip rule if the selector has any pseudos which are ignored","    var parsedSelector = selector.parsed();","    for (var i = 0; i < parsedSelector.length; ++i) {","      var subSel = parsedSelector[i];","      if (subSel.pseudos) {","        for (var j = 0; j < subSel.pseudos.length; ++j) {","          var subSelPseudo = subSel.pseudos[j];","          if (juice.ignoredPseudos.indexOf(subSelPseudo.name) >= 0) return;","        }","      }","    }","","    var els;","    try {","   
[...]
},"end":{"line":180,"column":11}},"65":{"start":{"line":183,"column":0},"end":{"line":186,"column":1}},"66":{"start":{"line":184,"column":2},"end":{"line":184,"column":67}},"67":{"start":{"line":184,"column":23},"end":{"line":184,"column":67}},"68":{"start":{"line":184,"column":47},"end":{"line":184,"column":67}},"69":{"start":{"line":185,"column":2},"end":{"line":185,"column":13}}},"branchMap":{"1":{"line":28,"type":"if","locations":[{"start":{"line":28,"column":4},"end":{"line":28,"column":4}},{"start":{"line":28,"column":4},"end":{"line":28,"column":4}}]},"2":{"line":29,"type":"if","locations":[{"start":{"line":29,"column":6},"end":{"line":29,"column":6}},{"start":{"line":29,"column":6},"end":{"line":29,"column":6}}]},"3":{"line":29,"type":"binary-expr","locations":[{"start":{"line":29,"column":10},"end":{"line":29,"column":19}},{"start":{"line":29,"column":23},"end":{"line":29,"column":32}}]},"4":{"line":32,"type":"if","locations":[{"start":{"line":32,"column":6},"end":{"line":32,"column":6}},{"start":{"line":32,"column":6},"end":{"line":32,"column":6}}]},"5":{"line":36,"type":"if","locations":[{"start":{"line":36,"column":8},"end":{"line":36,"column":8}},{"start":{"line":36,"column":8},"end":{"line":36,"column":8}}]},"6":{"line":36,"type":"binary-expr","locations":[{"start":{"line":36,"column":12},"end":{"line":36,"column":21}},{"start":{"line":36,"column":25},"end":{"line":36,"column":34}}]},"7":{"line":37,"type":"if","locations":[{"start":{"line":37,"column":8},"end":{"line":37,"column":8}},{"start":{"line":37,"column":8},"end":{"line":37,"column":8}}]},"8":{"line":37,"type":"binary-expr","locations":[{"start":{"line":37,"column":12},"end":{"line":37,"column":22}},{"start":{"line":37,"column":27},"end":{"line":37,"column":36}},{"start":{"line":37,"column":40},"end":{"line":37,"column":50}},{"start":{"line":37,"column":54},"end":{"line":37,"column":63}}]},"9":{"line":42,"type":"if","locations":[{"start":{"line":42,"column":2},"end":{"line":42,"column":2}},{"start":{"line":42,"column":2},"end":{"line":42,"column":2}}]},"10":{"line":57,"type":"binary-expr","locations":[{"start":{"line":57,"column":14},"end":{"line":57,"column":39}},{"start":{"line":57,"column":43},"end":{"line":57,"column":45}}]},"11":{"line":61,"type":"if","locations":[{"start":{"line":61,"column":4},"end":{"line":61,"column":4}},{"start":{"line":61,"column":4},"end":{"line":61,"column":4}}]},"12":{"line":84,"type":"binary-expr","locations":[{"start":{"line":84,"column":13},"end":{"line":84,"column":40}},{"start":{"line":84,"column":44},"end":{"line":84,"column":46}}]},"13":{"line":96,"type":"if","locations":[{"start":{"line":96,"column":2},"end":{"line":96,"column":2}},{"start":{"line":96,"column":2},"end":{"line":96,"column":2}}]},"14":{"line":107,"type":"if","locations":[{"start":{"line":107,"column":4},"end":{"line":107,"column":4}},{"start":{"line":107,"column":4},"end":{"line":107,"column":4}}]},"15":{"line":107,"type":"binary-expr","locations":[{"start":{"line":107,"column":9},"end":{"line":107,"column":56}},{"start":{"line":107,"column":60},"end":{"line":107,"column":110}}]},"16":{"line":109,"type":"cond-expr","locations":[{"start":{"line":109,"column":82},"end":{"line":109,"column":99}},{"start":{"line":109,"column":102},"end":{"line":109,"column":114}}]},"17":{"line":115,"type":"cond-expr","locations":[{"start":{"line":115,"column":57},"end":{"line":115,"column":70}},{"start":{"line":115,"column":73},"end":{"line":115,"column":75}}]},"18":{"line":123,"type":"cond-expr","locations":[{"start":{"line":123,"column":37},"end":{"line":123,"column":72}},{"start":{"line":123,"column":75},"end":{"line":123,"column":77}}]},"19":{"line":175,"type":"if","locations":[{"start":{"line":175,"column":4},"end":{"line":175,"column":4}},{"start":{"line":175,"column":4},"end":{"line":175,"column":4}}]},"20":{"line":176,"type":"if","locations":[{"start":{"line":176,"column":4},"end":{"line":176,"column":4}},{"start":{"line":176,"column":4},"end":{"line":176,"column":4}}]},"21":{"line":184,"type":"if","locations":[{"start":{"line":184,"column":23},"end":{"line":184,"column":23}},{"start":{"line":184,"column":23},"end":{"line":184,"column":23}}]}},"code":["","/**"," * Module dependencies."," */","","var fs = require('fs')","  , cssom = require('cssom')","  , jsdom = require('jsdom')","  , own = {}.hasOwnProperty","  , os = require('os');","","/**"," * Returns an array of the selectors."," *"," * @license Sizzle CSS Selector Engine - MIT"," * @param {String} selectorText from cssom"," * @api public"," */","","exports.extract = function extract (selectorText) {","  var attr = 0","    , sels = []","    , sel = ''","","  for (var i = 0, l = selectorText.length; i < l; i++) {","    var c = selectorText.charAt(i);","","    if (attr) {","      if (']' === c || ')' === c) attr--;","      sel += c;","    } else {","      if (',' === c) {","        sels.push(sel);","        sel = '';","      } else {","        if ('[' === c || '(' === c) attr++;","        if (sel.length || (c !== ',' && c !== '\\n' && c !== ' ')) sel += c;","      }","    }","  }","","  if (sel.length) sels.push(sel);","","  return sels;","}","","/**"," * Returns a parse tree for a CSS source."," * If it encounters multiple selectors separated by a comma, it splits the"," * tree."," *"," * @param {String} css source"," * @api public"," */","","exports.parseCSS = function (css) {","  var rules = cssom.parse(css).cssRules || []","    , ret = []","","  for (var i = 0, l = rules.length; i < l; i++) {","    if (rules[i].selectorText) { // media queries don't have selectorText","      var rule = rules[i]","        , selectors = exports.extract(rule.selectorText)","","      for (var ii = 0, ll = selectors.length; ii < ll; ii++) {","        ret.push([selectors[ii], rule.style]);","      }","    }","  }","","  return ret;","}","","","/**"," * Returns Media Query text for a CSS source."," *"," * @param {String} css source"," * @api public"," */","","exports.getMediaQueryText = function ( css )","{","\tvar rules = cssom.parse( css ).cssRules || []","\tvar queries = [];","","\tfor ( var i = 0, l = rules.length; i < l; i++ )","\t{","\t\t/* CSS types","\t\t  STYLE: 1,","\t\t  IMPORT: 3,","\t\t  MEDIA: 4,","\t\t  FONT_FACE: 5,","\t\t */","","\t\tif ( rules[i].type === cssom.CSSMediaRule.prototype.type )","\t\t{","\t\t\tvar query = rules[i];","\t\t\tvar queryString = [];","","\t\t\tqueryString.push( os.EOL + \"@media \" + query.media[0] + \" {\" );","","\t\t\tfor ( var ii = 0, ll = query.cssRules.length; ii < ll; ii++ )","\t\t\t{","\t\t\t\tvar rule = query.cssRules[ii];","","\t\t\t\tif ( rule.type === cssom.CSSStyleRule.prototype.type || rule.type === cssom.CSSFontFaceRule.prototype.type )","\t\t\t\t{","\t\t\t\t\tqueryString.push( \"  \" + ( rule.type === cssom.CSSStyleRule.prototype.type ? rule.selectorText : \"@font-face\" ) + \" {\" );","","\t\t\t\t\tfor ( var style = 0; style < rule.style.length; style++ )","\t\t\t\t\t{","\t\t\t\t\t\tvar property = rule.style[style];","\t\t\t\t\t\tvar value = rule.style[property];","\t\t\t\t\t\tvar important = rule.style._importants[property] ? \" !important\" : \"\";","\t\t\t\t\t\tqueryString.push( \"    \" + property + \": \" + value + important + \";\" );","\t\t\t\t\t}","\t\t\t\t\tqueryString.push( \"  }\" );","\t\t\t\t}","\t\t\t}","","\t\t\tqueryString.push( \"}\" );","\t\t\tvar result = queryString.length ? queryString.join( os.EOL ) + os.EOL : \"\";","","\t\t\tqueries.push( result );","\t\t}","\t}","","\treturn queries.join( os.EOL );","}","","/**"," * Returns a JSDom jQuery object"," *"," * api public"," */","","exports.jsdom = function (html) {","  return jsdom.html(html, null, {","    features: {","        QuerySelector: ['1.0']","      , FetchExternalResources: false","      , ProcessExternalResources: false","      , MutationEvents: false","    }","  });","};","","/**"," * Converts to array"," *"," * @api public"," */","","exports.toArray = function (arr) {","  var ret = [];","","  for (var i = 0, l = arr.length; i < l; i++)","    ret.push(arr[i]);","","  return ret;","};","","/**"," * Compares two specificity vectors, returning the winning one."," *"," * @param {Array} vector a"," * @param {Array} vector b"," * @return {Array}"," * @api public"," */","","exports.compare = function (a, b) {","  for (var i = 0; i < 4; i++) {","    if (a[i] === b[i]) continue;","    if (a[i] > b[i]) return a;","    return b;","  }","","  return b;","}","","exports.extend = function (obj, src) {","  for (var key in src) if (own.call(src, key)) obj[key] = src[key];","  return obj;","}",""],"l":{"6":1,"20":1,"21":0,"25":0,"26":0,"28":0,"29":0,"30":0,"32":0,"33":0,"34":0,"36":0,"37":0,"42":0,"44":0,"56":1,"57":0,"60":0,"61":0,"62":0,"65":0,"66":0,"71":0,"82":1,"84":0,"85":0,"87":0,"96":0,"98":0,"99":0,"101":0,"103":0,"105":0,"107":0,"109":0,"111":0,"113":0,"114":0,"115":0,"116":0,"118":0,"122":0,"123":0,"125":0,"129":0,"138":1,"139":0,"155":1,"156":0,"158":0,"159":0,"161":0,"173":1,"174":0,"175":0,"176":0,"177":0,"180":0,"183":1,"184":0,"185":0}},"/home/travis/build/npmtest/node-npmtest-juice2/node_modules/juice2/lib/selector.js":{"path":"/home/travis/build/npmtest/node-npmtest-juice2/node_modules/juice2/lib/selector.js","s":{"1":1,"2":1,"3":1,"4":2,"5":2,"6":1,"7":0,"8":0,"9":0,"10":1,"11":0,"12":0,"13":0,"14":1,"15":0,"16":0,"17":0,"18":0,"19":0,"20":0,"21":0,"22":0,"23":0,"24":0,"25":0,"26":0,"27":0,"28":0,"29":0,"30":0,"31":0,"32":0,"33":0,"34":0,"35":0,"36":0,"37":1,"38":0,"39":0,"40":0},"b":{"1":[0,0],"2":[0,0],"3":[0,0],"4":[0,0],"5":[0,0],"6":[0,0],"7":[0,0],"8":[0,0],"9":[0,0],"10":[0,0]},"f":{"1":2,"2":0,"3":0,"4":0,"5":0},"fnMap":{"1":{"name":"Selector","line":22,"loc":{"start":{"line":22,"column":0},"end":{"line":22,"column":31}}},"2":{"name":"(anonymous_2)","line":33,"loc":{"start":{"line":33,"column":28},"end":{"line":33,"column":40}}},"3":{"name":"(anonymous_3)","line":44,"loc":{"start":{"line":44,"column":33},"end":{"line":44,"column":45}}},"4":{"name":"specificity","line":48,"loc":{"start":{"line":48,"column":2},"end":{"line":48,"column":38}}},"5":{"name":"parse","line":96,"loc":{"start":{"line":96,"column":0},"end":{"line":96,"column":22}}}},"statementMap":{"1":{"start":{"line":6,"column":0},"end":{"line":6,"column":35}},"2":{"start":{"line":12,"column":0},"end":{"line":12,"column":36}},"3":{"start":{"line":22,"column":0},"end":{"line":25,"column":1}},"4":{"start":{"line":23,"column":2},"end":{"line":23,"column":19}},"5":{"start":{"line":24,"column":2},"end":{"line":24,"column":19}},"6":{"start":{"line":33,"column":0},"end":{"line":36,"column":2}},"7":{"start":{"line":34,"column":2},"end":{"line":34,"column":51}},"8":{"start":{"line":34,"column":20},"end":{"line":34,"column":51}},"9":{"start":{"line":35,"column":2},"end":{"line":35,"column":21}},"10":{"start":{"line":44,"column":0},"end":{"line":87,"column":1}},"11":{"start":{"line":45,"column":2},"end":{"line":45,"column":68}},"12":{"start":{"line":45,"column":18},"end":{"line":45,"column":68}},"13":{"start":{"line":46,"column":2},"end":{"line":46,"column":19}},"14":{"start":{"line":48,"column":2},"end":{"line":86,"column":3}},"15":{"start":{"line":49,"column":4},"end":{"line":51,"column":17}},"16":{"start":{"line":53,"column":4},"end":{"line":78,"column":5}},"17":{"start":{"line":54,"column":6},"end":{"line":55,"column":38}},"18":{"start":{"line":58,"column":6},"end":{"line":58,"column":35}},"19":{"start":{"line":58,"column":25},"end":{"line":58,"column":35}},"20":{"start":{"line":61,"column":6},"end":{"line":61,"column":73}},"21":{"start":{"line":61,"column":33},"end":{"line":61,"column":73}},"22":{"start":{"line":62,"column":6},"end":{"line":62,"column":71}},"23":{"start":{"line":62,"column":32},"end":{"line":62,"column":71}},"24":{"start":{"line":65,"column":6},"end":{"line":65,"column":62}},"25":{"start":{"line":65,"column":52},"end":{"line":65,"column":62}},"26":{"start":{"line":68,"column":6},"end":{"line":77,"column":7}},"27":{"start":{"line":69,"column":8},"end":{"line":69,"column":34}},"28":{"start":{"line":71,"column":8},"end":{"line":76,"column":9}},"29":{"start":{"line":72,"column":9},"end":{"line":75,"column":11}},"30":{"start":{"line":73,"column":12},"end":{"line":73,"column":40}},"31":{"start":{"line":74,"column":12},"end":{"line":74,"column":22}},"32":{"start":{"line":80,"column":4},"end":{"line":83,"column":5}},"33":{"start":{"line":81,"column":6},"end":{"line":81,"column":38}},"34":{"start":{"line":82,"column":6},"end":{"line":82,"column":50}},"35":{"start":{"line":82,"column":30},"end":{"line":82,"column":50}},"36":{"start":{"line":85,"column":4},"end":{"line":85,"column":16}},"37":{"start":{"line":96,"column":0},"end":{"line":102,"column":1}},"38":{"start":{"line":97,"column":2},"end":{"line":101,"column":3}},"39":{"start":{"line":98,"column":4},"end":{"line":98,"column":27}},"40":{"start":{"line":100,"column":4},"end":{"line":100,"column":14}}},"branchMap":{"1":{"line":34,"type":"if","locations":[{"start":{"line":34,"column":2},"end":{"line":34,"column":2}},{"start":{"line":34,"column":2},"end":{"line":34,"column":2}}]},"2":{"line":45,"type":"if","locations":[{"start":{"line":45,"column":2},"end":{"line":45,"column":2}},{"start":{"line":45,"column":2},"end":{"line":45,"column":2}}]},"3":{"line":49,"type":"binary-expr","locations":[{"start":{"line":49,"column":22},"end":{"line":49,"column":28}},{"start":{"line":49,"column":32},"end":{"line":49,"column":43}}]},"4":{"line":58,"type":"if","locations":[{"start":{"line":58,"column":6},"end":{"line":58,"column":6}},{"start":{"line":58,"column":6},"end":{"line":58,"column":6}}]},"5":{"line":61,"type":"if","locations":[{"start":{"line":61,"column":6},"end":{"line":61,"column":6}},{"start":{"line":61,"column":6},"end":{"line":61,"column":6}}]},"6":{"line":62,"type":"if","locations":[{"start":{"line":62,"column":6},"end":{"line":62,"column":6}},{"start":{"line":62,"column":6},"end":{"line":62,"column":6}}]},"7":{"line":65,"type":"if","locations":[{"start":{"line":65,"column":6},"end":{"line":65,"column":6}},{"start":{"line":65,"column":6},"end":{"line":65,"column":6}}]},"8":{"line":65,"type":"binary-expr","locations":[{"start":{"line":65,"column":10},"end":{"line":65,"column":24}},{"start":{"line":65,"column":28},"end":{"line":65,"column":50}}]},"9":{"line":68,"type":"if","locations":[{"start":{"line":68,"column":6},"end":{"line":68,"column":6}},{"start":{"line":68,"column":6},"end":{"line":68,"column":6}}]},"10":{"line":72,"type":"if","locations":[{"start":{"line":72,"column":9},"end":{"line":72,"column":9}},{"start":{"line":72,"column":9},"end":{"line":72,"column":9}}]}},"code":["","/**"," * Module dependencies."," */","","var parser = require('slick').parse","","/**"," * Module exports."," */","","module.exports = exports = Selector;","","/**"," * CSS selector constructor."," *"," * @param {String} selector text"," * @param {Array} optionally, precalculated specificity"," * @api public"," */","","function Selector (text, spec) {","  this.text = text;","  this.spec = spec;","}","","/**"," * Get parsed selector."," *"," * @api public"," */","","Selector.prototype.parsed = function () {","  if (!this.tokens) this.tokens = parse(this.text);","  return this.tokens;","};","","/**"," * Lazy specificity getter"," *"," * @api public"," */","","Selector.prototype.specificity = function () {","  if (!this.spec) this.spec = specificity(this.text, this.parsed());","  return this.spec;","","  function specificity (text, parsed) {","    var expressions = parsed || parse(text)","      , spec = [0, 0, 0, 0]","      , nots = []","","    for (var i = 0; i < expressions.length; i++) {","      var expression = expressions[i]","        , pseudos = expression.pseudos","","      // id awards a point in the second column","      if (expression.id) spec[1]++;","","      // classes and attributes award a point each in the third column","      if (expression.attributes) spec[2] += expression.attributes.length;","      if (expression.classList) spec[2] += expression.classList.length;","","      // tag awards a point in the fourth column","      if (expression.tag && expression.tag !== '*') spec[3]++;","","      // pseudos award a point each in the fourth column","      if (pseudos) {","        spec[3] += pseudos.length;","","        for (var p = 0; p < pseudos.length; p++) {","         if (pseudos[p].key === 'not'){","            nots.push(pseudos[p].value);","            spec[3]--;","          }","        }","      }","    }","","    for (var ii = nots.length; ii--;) {","      var not = specificity(nots[ii]);","      for (var jj = 4; jj--;) spec[jj] += not[jj];","    }","","    return spec;","  }","}","","/**"," * Parses a selector and returns the tokens."," *"," * @param {String} selector"," * @api private."," */","","function parse (text) {","  try {","    return parser(text)[0];","  } catch (e) {","    return [];","  }","}",""],"l":{"6":1,"12":1,"22":1,"23":2,"24":2,"33":1,"34":0,"35":0,"44":1,"45":0,"46":0,"48":1,"49":0,"53":0,"54":0,"58":0,"61":0,"62":0,"65":0,"68":0,"69":0,"71":0,"72":0,"73":0,"74":0,"80":0,"81":0,"82":0,"85":0,"96":1,"97":0,"98":0,"100":0}},"/home/travis/build/npmtest/node-npmtest-juice2/node_modules/juice2/lib/property.js":{"path":"/home/travis/build/npmtest/node-npmtest-juice2/node_modules/juice2/lib/property.js","s":{"1":1,"2":1,"3":1,"4":0,"5":0,"6":0,"7":1,"8":0,"9":0,"10":0,"11":0,"12":1,"13":0},"b":{"1":[0,0]},"f":{"1":0,"2":0,"3":0},"fnMap":{"1":{"name":"Property","line":25,"loc":{"start":{"line":25,"column":0},"end":{"line":25,"column":42}}},"2":{"name":"(anonymous_2)","line":37,"loc":{"start":{"line":37,"column":29},"end":{"line":37,"column":49}}},"3":{"name":"(anonymous_3)","line":52,"loc":{"start":{"line":52,"column":30},"end":{"line":52,"column":42}}}},"statementMap":{"1":{"start":{"line":8,"column":0},"end":{"line":8,"column":36}},"2":{"start":{"line":14,"column":0},"end":{"line":14,"column":40}},"3":{"start":{"line":25,"column":0},"end":{"line":29,"column":1}},"4":{"start":{"line":26,"column":2},"end":{"line":26,"column":19}},"5":{"start":{"line":27,"column":2},"end":{"line":27,"column":21}},"6":{"start":{"line":28,"column":2},"end":{"line":28,"column":26}},"7":{"start":{"line":37,"column":0},"end":{"line":44,"column":2}},"8":{"start":{"line":38,"column":2},"end":{"line":40,"column":28}},"9":{"start":{"line":42,"column":2},"end":{"line":42,"column":31}},"10":{"start":{"line":42,"column":19},"end":{"line":42,"column":31}},"11":{"start":{"line":43,"column":2},"end":{"line":43,"column":18}},"12":{"start":{"line":52,"column":0},"end":{"line":54,"column":2}},"13":{"start":{"line":53,"column":2},"end":{"line":53,"column":67}}},"branchMap":{"1":{"line":42,"type":"if","locations":[{"start":{"line":42,"column":2},"end":{"line":42,"column":2}},{"start":{"line":42,"column":2},"end":{"line":42,"column":2}}]}},"code":["","/**"," * juice"," * Copyright(c) 2011 LearnBoost <dev@learnboost.com>"," * MIT Licensed"," */","","module.exports = exports = Property;","","/**"," * Module dependencies."," */","","var compare = require('./utils').compare","","/**"," * CSS property constructor."," *"," * @param {String} property"," * @param {String} value"," * @param {Selector} selector the property originates from"," * @api public"," */","","function Property (prop, value, selector) {","  this.prop = prop;","  this.value = value;","  this.selector = selector","}","","/**"," * Compares with another Property based on Selector#specificity."," *"," * @api public"," */","","Property.prototype.compare = function (property) {","  var a = this.selector.specificity()","    , b = property.selector.specificity()","    , winner = compare(a, b)","","  if (winner == a) return this;","  return property;","};","","/**"," * Returns CSS property"," *"," * @api public"," */","","Property.prototype.toString = function () {","  return this.prop + ': ' + this.value.replace(/['\"]+/g, '') + ';';","};",""],"l":{"8":1,"14":1,"25":1,"26":0,"27":0,"28":0,"37":1,"38":0,"42":0,"43":0,"52":1,"53":0}}}